2026-05-13 12:18:08.310 [TestNG-test=TUI Tests-1] INFO  com.tui.stepdefinitions.Hooks - Initializing driver
2026-05-13 12:18:09.860 [TestNG-test=TUI Tests-1] INFO  com.tui.stepdefinitions.Hooks - Initializing driver
2026-05-13 12:35:18.390 [main] INFO  com.tui.stepdefinitions.Hooks - Initializing driver
2026-05-13 12:35:21.020 [main] INFO  com.tui.stepdefinitions.Hooks - Quitting driver
2026-05-13 12:35:21.046 [main] INFO  com.tui.stepdefinitions.Hooks - Initializing driver
2026-05-13 12:35:21.096 [main] INFO  com.tui.stepdefinitions.Hooks - Quitting driver
2026-05-13 12:46:13.333 [main] INFO  com.tui.stepdefinitions.Hooks - Initializing driver
2026-05-13 12:46:13.340 [main] INFO  com.tui.driver.DriverFactory - Initializing Android Driver with local execution
2026-05-13 12:46:13.341 [main] INFO  com.tui.driver.DriverFactory - Device Name: emulator-5555
2026-05-13 12:46:13.341 [main] INFO  com.tui.driver.DriverFactory - Platform Version: 17.0
2026-05-13 12:46:13.341 [main] INFO  com.tui.driver.DriverFactory - App Path: src/test/resources/apps/TUIChallengeApp.apk
2026-05-13 12:46:13.351 [main] INFO  com.tui.driver.DriverFactory - Attempting to connect to Appium server at http://127.0.0.1:4723/wd/hub
2026-05-13 12:46:14.817 [main] ERROR com.tui.driver.DriverFactory - Error initializing Appium driver. Ensure Appium server is running on http://127.0.0.1:4723/wd/hub
org.openqa.selenium.SessionNotCreatedException: Could not start a new session. Response code 404. Message: The requested resource could not be found, or a request was received using an HTTP method that is not supported by the mapped resource. 
Host info: host: 'DESKTOP-B6265V6', ip: '10.31.85.95'
Build info: version: '4.13.0', revision: 'ba948ece5b*'
System info: os.name: 'Windows 11', os.arch: 'amd64', os.version: '10.0', java.version: '25'
Driver info: io.appium.java_client.android.AndroidDriver
Command: [null, newSession {capabilities=[{appium:app=src/test/resources/apps/TUIChallengeApp.apk, appium:appActivity=.MainActivity, appium:appPackage=com.tui, appium:automationName=UiAutomator2, appium:deviceName=emulator-5555, platformName=ANDROID, appium:platformVersion=17.0}], desiredCapabilities=Capabilities {app: src/test/resources/apps/TUI..., appActivity: .MainActivity, appPackage: com.tui, automationName: UiAutomator2, deviceName: emulator-5555, platformName: ANDROID, platformVersion: 17.0}}]
Capabilities {app: src/test/resources/apps/TUI..., appActivity: .MainActivity, appPackage: com.tui, automationName: UiAutomator2, deviceName: emulator-5555, platformName: ANDROID, platformVersion: 17.0}
	at org.openqa.selenium.remote.ProtocolHandshake.createSession(ProtocolHandshake.java:140) ~[selenium-remote-driver-4.13.0.jar:?]
	at jdk.internal.reflect.DirectMethodHandleAccessor.invoke(DirectMethodHandleAccessor.java:104) ~[?:?]
	at java.lang.reflect.Method.invoke(Method.java:565) ~[?:?]
	at io.appium.java_client.remote.AppiumProtocolHandshake.createSession(AppiumProtocolHandshake.java:133) ~[java-client-8.6.0.jar:?]
	at io.appium.java_client.remote.AppiumProtocolHandshake.createSession(AppiumProtocolHandshake.java:102) ~[java-client-8.6.0.jar:?]
	at io.appium.java_client.remote.AppiumCommandExecutor.createSession(AppiumCommandExecutor.java:182) ~[java-client-8.6.0.jar:?]
	at io.appium.java_client.remote.AppiumCommandExecutor.execute(AppiumCommandExecutor.java:250) ~[java-client-8.6.0.jar:?]
	at org.openqa.selenium.remote.RemoteWebDriver.execute(RemoteWebDriver.java:602) ~[selenium-remote-driver-4.13.0.jar:?]
	at io.appium.java_client.AppiumDriver.startSession(AppiumDriver.java:274) ~[java-client-8.6.0.jar:?]
	at org.openqa.selenium.remote.RemoteWebDriver.<init>(RemoteWebDriver.java:163) ~[selenium-remote-driver-4.13.0.jar:?]
	at io.appium.java_client.AppiumDriver.<init>(AppiumDriver.java:89) ~[java-client-8.6.0.jar:?]
	at io.appium.java_client.AppiumDriver.<init>(AppiumDriver.java:101) ~[java-client-8.6.0.jar:?]
	at io.appium.java_client.android.AndroidDriver.<init>(AndroidDriver.java:113) ~[java-client-8.6.0.jar:?]
	at com.tui.driver.DriverFactory.initializeDriver(DriverFactory.java:50) [test-classes/:?]
	at com.tui.stepdefinitions.Hooks.setUp(Hooks.java:17) [test-classes/:?]
	at jdk.internal.reflect.DirectMethodHandleAccessor.invoke(DirectMethodHandleAccessor.java:104) ~[?:?]
	at java.lang.reflect.Method.invoke(Method.java:565) ~[?:?]
	at io.cucumber.java.Invoker.doInvoke(Invoker.java:66) [cucumber-java-7.14.0.jar:7.14.0]
	at io.cucumber.java.Invoker.invoke(Invoker.java:24) [cucumber-java-7.14.0.jar:7.14.0]
	at io.cucumber.java.AbstractGlueDefinition.invokeMethod(AbstractGlueDefinition.java:47) [cucumber-java-7.14.0.jar:7.14.0]
	at io.cucumber.java.JavaHookDefinition.execute(JavaHookDefinition.java:64) [cucumber-java-7.14.0.jar:7.14.0]
	at io.cucumber.core.runner.CoreHookDefinition.execute(CoreHookDefinition.java:46) [cucumber-core-7.14.0.jar:7.14.0]
	at io.cucumber.core.runner.HookDefinitionMatch.runStep(HookDefinitionMatch.java:21) [cucumber-core-7.14.0.jar:7.14.0]
	at io.cucumber.core.runner.ExecutionMode$1.execute(ExecutionMode.java:10) [cucumber-core-7.14.0.jar:7.14.0]
	at io.cucumber.core.runner.TestStep.executeStep(TestStep.java:84) [cucumber-core-7.14.0.jar:7.14.0]
	at io.cucumber.core.runner.TestStep.run(TestStep.java:56) [cucumber-core-7.14.0.jar:7.14.0]
	at io.cucumber.core.runner.TestCase.run(TestCase.java:78) [cucumber-core-7.14.0.jar:7.14.0]
	at io.cucumber.core.runner.Runner.runPickle(Runner.java:75) [cucumber-core-7.14.0.jar:7.14.0]
	at io.cucumber.core.runtime.Runtime.lambda$executePickle$6(Runtime.java:107) [cucumber-core-7.14.0.jar:7.14.0]
	at io.cucumber.core.runtime.CucumberExecutionContext.lambda$runTestCase$5(CucumberExecutionContext.java:137) [cucumber-core-7.14.0.jar:7.14.0]
	at io.cucumber.core.runtime.RethrowingThrowableCollector.executeAndThrow(RethrowingThrowableCollector.java:23) [cucumber-core-7.14.0.jar:7.14.0]
	at io.cucumber.core.runtime.CucumberExecutionContext.runTestCase(CucumberExecutionContext.java:137) [cucumber-core-7.14.0.jar:7.14.0]
	at io.cucumber.core.runtime.Runtime.lambda$executePickle$7(Runtime.java:107) [cucumber-core-7.14.0.jar:7.14.0]
	at java.util.concurrent.Executors$RunnableAdapter.call(Executors.java:545) [?:?]
	at java.util.concurrent.FutureTask.run(FutureTask.java:328) [?:?]
	at io.cucumber.core.runtime.Runtime$SameThreadExecutorService.execute(Runtime.java:235) [cucumber-core-7.14.0.jar:7.14.0]
	at java.util.concurrent.AbstractExecutorService.submit(AbstractExecutorService.java:125) [?:?]
	at io.cucumber.core.runtime.Runtime.lambda$runFeatures$3(Runtime.java:89) [cucumber-core-7.14.0.jar:7.14.0]
	at java.util.stream.ReferencePipeline$3$1.accept(ReferencePipeline.java:214) [?:?]
	at java.util.stream.SliceOps$1$1.accept(SliceOps.java:200) [?:?]
	at java.util.ArrayList$ArrayListSpliterator.tryAdvance(ArrayList.java:1693) [?:?]
	at java.util.stream.ReferencePipeline.forEachWithCancel(ReferencePipeline.java:147) [?:?]
	at java.util.stream.AbstractPipeline.copyIntoWithCancel(AbstractPipeline.java:588) [?:?]
	at java.util.stream.AbstractPipeline.copyInto(AbstractPipeline.java:574) [?:?]
	at java.util.stream.AbstractPipeline.wrapAndCopyInto(AbstractPipeline.java:560) [?:?]
	at java.util.stream.ReduceOps$ReduceOp.evaluateSequential(ReduceOps.java:921) [?:?]
	at java.util.stream.AbstractPipeline.evaluate(AbstractPipeline.java:265) [?:?]
	at java.util.stream.ReferencePipeline.collect(ReferencePipeline.java:723) [?:?]
	at io.cucumber.core.runtime.Runtime.runFeatures(Runtime.java:90) [cucumber-core-7.14.0.jar:7.14.0]
	at io.cucumber.core.runtime.Runtime.lambda$run$0(Runtime.java:78) [cucumber-core-7.14.0.jar:7.14.0]
	at io.cucumber.core.runtime.CucumberExecutionContext.lambda$runFeatures$6(CucumberExecutionContext.java:148) [cucumber-core-7.14.0.jar:7.14.0]
	at io.cucumber.core.runtime.CucumberExecutionContext.execute(CucumberExecutionContext.java:163) [cucumber-core-7.14.0.jar:7.14.0]
	at io.cucumber.core.runtime.CucumberExecutionContext.runFeatures(CucumberExecutionContext.java:146) [cucumber-core-7.14.0.jar:7.14.0]
	at io.cucumber.core.runtime.Runtime.run(Runtime.java:78) [cucumber-core-7.14.0.jar:7.14.0]
	at io.cucumber.core.cli.Main.run(Main.java:87) [cucumber-core-7.14.0.jar:7.14.0]
	at io.cucumber.core.cli.Main.main(Main.java:30) [cucumber-core-7.14.0.jar:7.14.0]
2026-05-13 12:46:14.848 [main] INFO  com.tui.stepdefinitions.Hooks - Quitting driver
2026-05-13 12:46:14.863 [main] INFO  com.tui.stepdefinitions.Hooks - Initializing driver
2026-05-13 12:46:14.864 [main] INFO  com.tui.driver.DriverFactory - Initializing Android Driver with local execution
2026-05-13 12:46:14.864 [main] INFO  com.tui.driver.DriverFactory - Device Name: emulator-5555
2026-05-13 12:46:14.864 [main] INFO  com.tui.driver.DriverFactory - Platform Version: 17.0
2026-05-13 12:46:14.864 [main] INFO  com.tui.driver.DriverFactory - App Path: src/test/resources/apps/TUIChallengeApp.apk
2026-05-13 12:46:14.864 [main] INFO  com.tui.driver.DriverFactory - Attempting to connect to Appium server at http://127.0.0.1:4723/wd/hub
2026-05-13 12:46:14.900 [main] ERROR com.tui.driver.DriverFactory - Error initializing Appium driver. Ensure Appium server is running on http://127.0.0.1:4723/wd/hub
org.openqa.selenium.SessionNotCreatedException: Could not start a new session. Response code 404. Message: The requested resource could not be found, or a request was received using an HTTP method that is not supported by the mapped resource. 
Host info: host: 'DESKTOP-B6265V6', ip: '10.31.85.95'
Build info: version: '4.13.0', revision: 'ba948ece5b*'
System info: os.name: 'Windows 11', os.arch: 'amd64', os.version: '10.0', java.version: '25'
Driver info: io.appium.java_client.android.AndroidDriver
Command: [null, newSession {capabilities=[{appium:app=src/test/resources/apps/TUIChallengeApp.apk, appium:appActivity=.MainActivity, appium:appPackage=com.tui, appium:automationName=UiAutomator2, appium:deviceName=emulator-5555, platformName=ANDROID, appium:platformVersion=17.0}], desiredCapabilities=Capabilities {app: src/test/resources/apps/TUI..., appActivity: .MainActivity, appPackage: com.tui, automationName: UiAutomator2, deviceName: emulator-5555, platformName: ANDROID, platformVersion: 17.0}}]
Capabilities {app: src/test/resources/apps/TUI..., appActivity: .MainActivity, appPackage: com.tui, automationName: UiAutomator2, deviceName: emulator-5555, platformName: ANDROID, platformVersion: 17.0}
	at org.openqa.selenium.remote.ProtocolHandshake.createSession(ProtocolHandshake.java:140) ~[selenium-remote-driver-4.13.0.jar:?]
	at jdk.internal.reflect.DirectMethodHandleAccessor.invoke(DirectMethodHandleAccessor.java:104) ~[?:?]
	at java.lang.reflect.Method.invoke(Method.java:565) ~[?:?]
	at io.appium.java_client.remote.AppiumProtocolHandshake.createSession(AppiumProtocolHandshake.java:133) ~[java-client-8.6.0.jar:?]
	at io.appium.java_client.remote.AppiumProtocolHandshake.createSession(AppiumProtocolHandshake.java:102) ~[java-client-8.6.0.jar:?]
	at io.appium.java_client.remote.AppiumCommandExecutor.createSession(AppiumCommandExecutor.java:182) ~[java-client-8.6.0.jar:?]
	at io.appium.java_client.remote.AppiumCommandExecutor.execute(AppiumCommandExecutor.java:250) ~[java-client-8.6.0.jar:?]
	at org.openqa.selenium.remote.RemoteWebDriver.execute(RemoteWebDriver.java:602) ~[selenium-remote-driver-4.13.0.jar:?]
	at io.appium.java_client.AppiumDriver.startSession(AppiumDriver.java:274) ~[java-client-8.6.0.jar:?]
	at org.openqa.selenium.remote.RemoteWebDriver.<init>(RemoteWebDriver.java:163) ~[selenium-remote-driver-4.13.0.jar:?]
	at io.appium.java_client.AppiumDriver.<init>(AppiumDriver.java:89) ~[java-client-8.6.0.jar:?]
	at io.appium.java_client.AppiumDriver.<init>(AppiumDriver.java:101) ~[java-client-8.6.0.jar:?]
	at io.appium.java_client.android.AndroidDriver.<init>(AndroidDriver.java:113) ~[java-client-8.6.0.jar:?]
	at com.tui.driver.DriverFactory.initializeDriver(DriverFactory.java:50) [test-classes/:?]
	at com.tui.stepdefinitions.Hooks.setUp(Hooks.java:17) [test-classes/:?]
	at jdk.internal.reflect.DirectMethodHandleAccessor.invoke(DirectMethodHandleAccessor.java:104) ~[?:?]
	at java.lang.reflect.Method.invoke(Method.java:565) ~[?:?]
	at io.cucumber.java.Invoker.doInvoke(Invoker.java:66) [cucumber-java-7.14.0.jar:7.14.0]
	at io.cucumber.java.Invoker.invoke(Invoker.java:24) [cucumber-java-7.14.0.jar:7.14.0]
	at io.cucumber.java.AbstractGlueDefinition.invokeMethod(AbstractGlueDefinition.java:47) [cucumber-java-7.14.0.jar:7.14.0]
	at io.cucumber.java.JavaHookDefinition.execute(JavaHookDefinition.java:64) [cucumber-java-7.14.0.jar:7.14.0]
	at io.cucumber.core.runner.CoreHookDefinition.execute(CoreHookDefinition.java:46) [cucumber-core-7.14.0.jar:7.14.0]
	at io.cucumber.core.runner.HookDefinitionMatch.runStep(HookDefinitionMatch.java:21) [cucumber-core-7.14.0.jar:7.14.0]
	at io.cucumber.core.runner.ExecutionMode$1.execute(ExecutionMode.java:10) [cucumber-core-7.14.0.jar:7.14.0]
	at io.cucumber.core.runner.TestStep.executeStep(TestStep.java:84) [cucumber-core-7.14.0.jar:7.14.0]
	at io.cucumber.core.runner.TestStep.run(TestStep.java:56) [cucumber-core-7.14.0.jar:7.14.0]
	at io.cucumber.core.runner.TestCase.run(TestCase.java:78) [cucumber-core-7.14.0.jar:7.14.0]
	at io.cucumber.core.runner.Runner.runPickle(Runner.java:75) [cucumber-core-7.14.0.jar:7.14.0]
	at io.cucumber.core.runtime.Runtime.lambda$executePickle$6(Runtime.java:107) [cucumber-core-7.14.0.jar:7.14.0]
	at io.cucumber.core.runtime.CucumberExecutionContext.lambda$runTestCase$5(CucumberExecutionContext.java:137) [cucumber-core-7.14.0.jar:7.14.0]
	at io.cucumber.core.runtime.RethrowingThrowableCollector.executeAndThrow(RethrowingThrowableCollector.java:23) [cucumber-core-7.14.0.jar:7.14.0]
	at io.cucumber.core.runtime.CucumberExecutionContext.runTestCase(CucumberExecutionContext.java:137) [cucumber-core-7.14.0.jar:7.14.0]
	at io.cucumber.core.runtime.Runtime.lambda$executePickle$7(Runtime.java:107) [cucumber-core-7.14.0.jar:7.14.0]
	at java.util.concurrent.Executors$RunnableAdapter.call(Executors.java:545) [?:?]
	at java.util.concurrent.FutureTask.run(FutureTask.java:328) [?:?]
	at io.cucumber.core.runtime.Runtime$SameThreadExecutorService.execute(Runtime.java:235) [cucumber-core-7.14.0.jar:7.14.0]
	at java.util.concurrent.AbstractExecutorService.submit(AbstractExecutorService.java:125) [?:?]
	at io.cucumber.core.runtime.Runtime.lambda$runFeatures$3(Runtime.java:89) [cucumber-core-7.14.0.jar:7.14.0]
	at java.util.stream.ReferencePipeline$3$1.accept(ReferencePipeline.java:214) [?:?]
	at java.util.stream.SliceOps$1$1.accept(SliceOps.java:200) [?:?]
	at java.util.ArrayList$ArrayListSpliterator.tryAdvance(ArrayList.java:1693) [?:?]
	at java.util.stream.ReferencePipeline.forEachWithCancel(ReferencePipeline.java:147) [?:?]
	at java.util.stream.AbstractPipeline.copyIntoWithCancel(AbstractPipeline.java:588) [?:?]
	at java.util.stream.AbstractPipeline.copyInto(AbstractPipeline.java:574) [?:?]
	at java.util.stream.AbstractPipeline.wrapAndCopyInto(AbstractPipeline.java:560) [?:?]
	at java.util.stream.ReduceOps$ReduceOp.evaluateSequential(ReduceOps.java:921) [?:?]
	at java.util.stream.AbstractPipeline.evaluate(AbstractPipeline.java:265) [?:?]
	at java.util.stream.ReferencePipeline.collect(ReferencePipeline.java:723) [?:?]
	at io.cucumber.core.runtime.Runtime.runFeatures(Runtime.java:90) [cucumber-core-7.14.0.jar:7.14.0]
	at io.cucumber.core.runtime.Runtime.lambda$run$0(Runtime.java:78) [cucumber-core-7.14.0.jar:7.14.0]
	at io.cucumber.core.runtime.CucumberExecutionContext.lambda$runFeatures$6(CucumberExecutionContext.java:148) [cucumber-core-7.14.0.jar:7.14.0]
	at io.cucumber.core.runtime.CucumberExecutionContext.execute(CucumberExecutionContext.java:163) [cucumber-core-7.14.0.jar:7.14.0]
	at io.cucumber.core.runtime.CucumberExecutionContext.runFeatures(CucumberExecutionContext.java:146) [cucumber-core-7.14.0.jar:7.14.0]
	at io.cucumber.core.runtime.Runtime.run(Runtime.java:78) [cucumber-core-7.14.0.jar:7.14.0]
	at io.cucumber.core.cli.Main.run(Main.java:87) [cucumber-core-7.14.0.jar:7.14.0]
	at io.cucumber.core.cli.Main.main(Main.java:30) [cucumber-core-7.14.0.jar:7.14.0]
2026-05-13 12:46:14.910 [main] INFO  com.tui.stepdefinitions.Hooks - Quitting driver
2026-05-13 16:53:02.676 [main] INFO  com.tui.stepdefinitions.Hooks - Initializing driver
2026-05-13 16:53:02.686 [main] INFO  com.tui.driver.DriverFactory - Initializing Android Driver with local execution
2026-05-13 16:53:02.686 [main] INFO  com.tui.driver.DriverFactory - Device Name: emulator-5555
2026-05-13 16:53:02.687 [main] INFO  com.tui.driver.DriverFactory - Platform Version: 17.0
2026-05-13 16:53:02.687 [main] INFO  com.tui.driver.DriverFactory - App Path: src/test/resources/apps/TUIChallengeApp.apk
2026-05-13 16:53:02.698 [main] INFO  com.tui.driver.DriverFactory - Attempting to connect to Appium server at http://127.0.0.1:4723/wd/hub
2026-05-13 16:53:04.662 [main] ERROR com.tui.driver.DriverFactory - Error initializing Appium driver. Ensure Appium server is running on http://127.0.0.1:4723/wd/hub
org.openqa.selenium.SessionNotCreatedException: Could not start a new session. Response code 404. Message: The requested resource could not be found, or a request was received using an HTTP method that is not supported by the mapped resource. 
Host info: host: 'DESKTOP-B6265V6', ip: '10.31.85.95'
Build info: version: '4.13.0', revision: 'ba948ece5b*'
System info: os.name: 'Windows 11', os.arch: 'amd64', os.version: '10.0', java.version: '25'
Driver info: io.appium.java_client.android.AndroidDriver
Command: [null, newSession {capabilities=[{appium:app=src/test/resources/apps/TUIChallengeApp.apk, appium:appActivity=.MainActivity, appium:appPackage=com.tui, appium:automationName=UiAutomator2, appium:deviceName=emulator-5555, platformName=ANDROID, appium:platformVersion=17.0}], desiredCapabilities=Capabilities {app: src/test/resources/apps/TUI..., appActivity: .MainActivity, appPackage: com.tui, automationName: UiAutomator2, deviceName: emulator-5555, platformName: ANDROID, platformVersion: 17.0}}]
Capabilities {app: src/test/resources/apps/TUI..., appActivity: .MainActivity, appPackage: com.tui, automationName: UiAutomator2, deviceName: emulator-5555, platformName: ANDROID, platformVersion: 17.0}
	at org.openqa.selenium.remote.ProtocolHandshake.createSession(ProtocolHandshake.java:140) ~[selenium-remote-driver-4.13.0.jar:?]
	at jdk.internal.reflect.DirectMethodHandleAccessor.invoke(DirectMethodHandleAccessor.java:104) ~[?:?]
	at java.lang.reflect.Method.invoke(Method.java:565) ~[?:?]
	at io.appium.java_client.remote.AppiumProtocolHandshake.createSession(AppiumProtocolHandshake.java:133) ~[java-client-8.6.0.jar:?]
	at io.appium.java_client.remote.AppiumProtocolHandshake.createSession(AppiumProtocolHandshake.java:102) ~[java-client-8.6.0.jar:?]
	at io.appium.java_client.remote.AppiumCommandExecutor.createSession(AppiumCommandExecutor.java:182) ~[java-client-8.6.0.jar:?]
	at io.appium.java_client.remote.AppiumCommandExecutor.execute(AppiumCommandExecutor.java:250) ~[java-client-8.6.0.jar:?]
	at org.openqa.selenium.remote.RemoteWebDriver.execute(RemoteWebDriver.java:602) ~[selenium-remote-driver-4.13.0.jar:?]
	at io.appium.java_client.AppiumDriver.startSession(AppiumDriver.java:274) ~[java-client-8.6.0.jar:?]
	at org.openqa.selenium.remote.RemoteWebDriver.<init>(RemoteWebDriver.java:163) ~[selenium-remote-driver-4.13.0.jar:?]
	at io.appium.java_client.AppiumDriver.<init>(AppiumDriver.java:89) ~[java-client-8.6.0.jar:?]
	at io.appium.java_client.AppiumDriver.<init>(AppiumDriver.java:101) ~[java-client-8.6.0.jar:?]
	at io.appium.java_client.android.AndroidDriver.<init>(AndroidDriver.java:113) ~[java-client-8.6.0.jar:?]
	at com.tui.driver.DriverFactory.initializeDriver(DriverFactory.java:50) [test-classes/:?]
	at com.tui.stepdefinitions.Hooks.setUp(Hooks.java:17) [test-classes/:?]
	at jdk.internal.reflect.DirectMethodHandleAccessor.invoke(DirectMethodHandleAccessor.java:104) ~[?:?]
	at java.lang.reflect.Method.invoke(Method.java:565) ~[?:?]
	at io.cucumber.java.Invoker.doInvoke(Invoker.java:66) [cucumber-java-7.14.0.jar:7.14.0]
	at io.cucumber.java.Invoker.invoke(Invoker.java:24) [cucumber-java-7.14.0.jar:7.14.0]
	at io.cucumber.java.AbstractGlueDefinition.invokeMethod(AbstractGlueDefinition.java:47) [cucumber-java-7.14.0.jar:7.14.0]
	at io.cucumber.java.JavaHookDefinition.execute(JavaHookDefinition.java:64) [cucumber-java-7.14.0.jar:7.14.0]
	at io.cucumber.core.runner.CoreHookDefinition.execute(CoreHookDefinition.java:46) [cucumber-core-7.14.0.jar:7.14.0]
	at io.cucumber.core.runner.HookDefinitionMatch.runStep(HookDefinitionMatch.java:21) [cucumber-core-7.14.0.jar:7.14.0]
	at io.cucumber.core.runner.ExecutionMode$1.execute(ExecutionMode.java:10) [cucumber-core-7.14.0.jar:7.14.0]
	at io.cucumber.core.runner.TestStep.executeStep(TestStep.java:84) [cucumber-core-7.14.0.jar:7.14.0]
	at io.cucumber.core.runner.TestStep.run(TestStep.java:56) [cucumber-core-7.14.0.jar:7.14.0]
	at io.cucumber.core.runner.TestCase.run(TestCase.java:78) [cucumber-core-7.14.0.jar:7.14.0]
	at io.cucumber.core.runner.Runner.runPickle(Runner.java:75) [cucumber-core-7.14.0.jar:7.14.0]
	at io.cucumber.core.runtime.Runtime.lambda$executePickle$6(Runtime.java:107) [cucumber-core-7.14.0.jar:7.14.0]
	at io.cucumber.core.runtime.CucumberExecutionContext.lambda$runTestCase$5(CucumberExecutionContext.java:137) [cucumber-core-7.14.0.jar:7.14.0]
	at io.cucumber.core.runtime.RethrowingThrowableCollector.executeAndThrow(RethrowingThrowableCollector.java:23) [cucumber-core-7.14.0.jar:7.14.0]
	at io.cucumber.core.runtime.CucumberExecutionContext.runTestCase(CucumberExecutionContext.java:137) [cucumber-core-7.14.0.jar:7.14.0]
	at io.cucumber.core.runtime.Runtime.lambda$executePickle$7(Runtime.java:107) [cucumber-core-7.14.0.jar:7.14.0]
	at java.util.concurrent.Executors$RunnableAdapter.call(Executors.java:545) [?:?]
	at java.util.concurrent.FutureTask.run(FutureTask.java:328) [?:?]
	at io.cucumber.core.runtime.Runtime$SameThreadExecutorService.execute(Runtime.java:235) [cucumber-core-7.14.0.jar:7.14.0]
	at java.util.concurrent.AbstractExecutorService.submit(AbstractExecutorService.java:125) [?:?]
	at io.cucumber.core.runtime.Runtime.lambda$runFeatures$3(Runtime.java:89) [cucumber-core-7.14.0.jar:7.14.0]
	at java.util.stream.ReferencePipeline$3$1.accept(ReferencePipeline.java:214) [?:?]
	at java.util.stream.SliceOps$1$1.accept(SliceOps.java:200) [?:?]
	at java.util.ArrayList$ArrayListSpliterator.tryAdvance(ArrayList.java:1693) [?:?]
	at java.util.stream.ReferencePipeline.forEachWithCancel(ReferencePipeline.java:147) [?:?]
	at java.util.stream.AbstractPipeline.copyIntoWithCancel(AbstractPipeline.java:588) [?:?]
	at java.util.stream.AbstractPipeline.copyInto(AbstractPipeline.java:574) [?:?]
	at java.util.stream.AbstractPipeline.wrapAndCopyInto(AbstractPipeline.java:560) [?:?]
	at java.util.stream.ReduceOps$ReduceOp.evaluateSequential(ReduceOps.java:921) [?:?]
	at java.util.stream.AbstractPipeline.evaluate(AbstractPipeline.java:265) [?:?]
	at java.util.stream.ReferencePipeline.collect(ReferencePipeline.java:723) [?:?]
	at io.cucumber.core.runtime.Runtime.runFeatures(Runtime.java:90) [cucumber-core-7.14.0.jar:7.14.0]
	at io.cucumber.core.runtime.Runtime.lambda$run$0(Runtime.java:78) [cucumber-core-7.14.0.jar:7.14.0]
	at io.cucumber.core.runtime.CucumberExecutionContext.lambda$runFeatures$6(CucumberExecutionContext.java:148) [cucumber-core-7.14.0.jar:7.14.0]
	at io.cucumber.core.runtime.CucumberExecutionContext.execute(CucumberExecutionContext.java:163) [cucumber-core-7.14.0.jar:7.14.0]
	at io.cucumber.core.runtime.CucumberExecutionContext.runFeatures(CucumberExecutionContext.java:146) [cucumber-core-7.14.0.jar:7.14.0]
	at io.cucumber.core.runtime.Runtime.run(Runtime.java:78) [cucumber-core-7.14.0.jar:7.14.0]
	at io.cucumber.core.cli.Main.run(Main.java:87) [cucumber-core-7.14.0.jar:7.14.0]
	at io.cucumber.core.cli.Main.main(Main.java:30) [cucumber-core-7.14.0.jar:7.14.0]
2026-05-13 16:53:04.707 [main] INFO  com.tui.stepdefinitions.Hooks - Quitting driver
2026-05-13 16:53:20.536 [main] INFO  com.tui.stepdefinitions.Hooks - Initializing driver
2026-05-13 16:53:20.541 [main] INFO  com.tui.driver.DriverFactory - Initializing Android Driver with local execution
2026-05-13 16:53:20.541 [main] INFO  com.tui.driver.DriverFactory - Device Name: emulator-5555
2026-05-13 16:53:20.542 [main] INFO  com.tui.driver.DriverFactory - Platform Version: 17.0
2026-05-13 16:53:20.542 [main] INFO  com.tui.driver.DriverFactory - App Path: src/test/resources/apps/TUIChallengeApp.apk
2026-05-13 16:53:20.549 [main] INFO  com.tui.driver.DriverFactory - Attempting to connect to Appium server at http://127.0.0.1:4723/wd/hub
2026-05-13 16:53:21.591 [main] ERROR com.tui.driver.DriverFactory - Error initializing Appium driver. Ensure Appium server is running on http://127.0.0.1:4723/wd/hub
org.openqa.selenium.SessionNotCreatedException: Could not start a new session. Response code 404. Message: The requested resource could not be found, or a request was received using an HTTP method that is not supported by the mapped resource. 
Host info: host: 'DESKTOP-B6265V6', ip: '10.31.85.95'
Build info: version: '4.13.0', revision: 'ba948ece5b*'
System info: os.name: 'Windows 11', os.arch: 'amd64', os.version: '10.0', java.version: '25'
Driver info: io.appium.java_client.android.AndroidDriver
Command: [null, newSession {capabilities=[{appium:app=src/test/resources/apps/TUIChallengeApp.apk, appium:appActivity=.MainActivity, appium:appPackage=com.tui, appium:automationName=UiAutomator2, appium:deviceName=emulator-5555, platformName=ANDROID, appium:platformVersion=17.0}], desiredCapabilities=Capabilities {app: src/test/resources/apps/TUI..., appActivity: .MainActivity, appPackage: com.tui, automationName: UiAutomator2, deviceName: emulator-5555, platformName: ANDROID, platformVersion: 17.0}}]
Capabilities {app: src/test/resources/apps/TUI..., appActivity: .MainActivity, appPackage: com.tui, automationName: UiAutomator2, deviceName: emulator-5555, platformName: ANDROID, platformVersion: 17.0}
	at org.openqa.selenium.remote.ProtocolHandshake.createSession(ProtocolHandshake.java:140) ~[selenium-remote-driver-4.13.0.jar:?]
	at jdk.internal.reflect.DirectMethodHandleAccessor.invoke(DirectMethodHandleAccessor.java:104) ~[?:?]
	at java.lang.reflect.Method.invoke(Method.java:565) ~[?:?]
	at io.appium.java_client.remote.AppiumProtocolHandshake.createSession(AppiumProtocolHandshake.java:133) ~[java-client-8.6.0.jar:?]
	at io.appium.java_client.remote.AppiumProtocolHandshake.createSession(AppiumProtocolHandshake.java:102) ~[java-client-8.6.0.jar:?]
	at io.appium.java_client.remote.AppiumCommandExecutor.createSession(AppiumCommandExecutor.java:182) ~[java-client-8.6.0.jar:?]
	at io.appium.java_client.remote.AppiumCommandExecutor.execute(AppiumCommandExecutor.java:250) ~[java-client-8.6.0.jar:?]
	at org.openqa.selenium.remote.RemoteWebDriver.execute(RemoteWebDriver.java:602) ~[selenium-remote-driver-4.13.0.jar:?]
	at io.appium.java_client.AppiumDriver.startSession(AppiumDriver.java:274) ~[java-client-8.6.0.jar:?]
	at org.openqa.selenium.remote.RemoteWebDriver.<init>(RemoteWebDriver.java:163) ~[selenium-remote-driver-4.13.0.jar:?]
	at io.appium.java_client.AppiumDriver.<init>(AppiumDriver.java:89) ~[java-client-8.6.0.jar:?]
	at io.appium.java_client.AppiumDriver.<init>(AppiumDriver.java:101) ~[java-client-8.6.0.jar:?]
	at io.appium.java_client.android.AndroidDriver.<init>(AndroidDriver.java:113) ~[java-client-8.6.0.jar:?]
	at com.tui.driver.DriverFactory.initializeDriver(DriverFactory.java:50) [test-classes/:?]
	at com.tui.stepdefinitions.Hooks.setUp(Hooks.java:17) [test-classes/:?]
	at jdk.internal.reflect.DirectMethodHandleAccessor.invoke(DirectMethodHandleAccessor.java:104) ~[?:?]
	at java.lang.reflect.Method.invoke(Method.java:565) ~[?:?]
	at io.cucumber.java.Invoker.doInvoke(Invoker.java:66) [cucumber-java-7.14.0.jar:7.14.0]
	at io.cucumber.java.Invoker.invoke(Invoker.java:24) [cucumber-java-7.14.0.jar:7.14.0]
	at io.cucumber.java.AbstractGlueDefinition.invokeMethod(AbstractGlueDefinition.java:47) [cucumber-java-7.14.0.jar:7.14.0]
	at io.cucumber.java.JavaHookDefinition.execute(JavaHookDefinition.java:64) [cucumber-java-7.14.0.jar:7.14.0]
	at io.cucumber.core.runner.CoreHookDefinition.execute(CoreHookDefinition.java:46) [cucumber-core-7.14.0.jar:7.14.0]
	at io.cucumber.core.runner.HookDefinitionMatch.runStep(HookDefinitionMatch.java:21) [cucumber-core-7.14.0.jar:7.14.0]
	at io.cucumber.core.runner.ExecutionMode$1.execute(ExecutionMode.java:10) [cucumber-core-7.14.0.jar:7.14.0]
	at io.cucumber.core.runner.TestStep.executeStep(TestStep.java:84) [cucumber-core-7.14.0.jar:7.14.0]
	at io.cucumber.core.runner.TestStep.run(TestStep.java:56) [cucumber-core-7.14.0.jar:7.14.0]
	at io.cucumber.core.runner.TestCase.run(TestCase.java:78) [cucumber-core-7.14.0.jar:7.14.0]
	at io.cucumber.core.runner.Runner.runPickle(Runner.java:75) [cucumber-core-7.14.0.jar:7.14.0]
	at io.cucumber.core.runtime.Runtime.lambda$executePickle$6(Runtime.java:107) [cucumber-core-7.14.0.jar:7.14.0]
	at io.cucumber.core.runtime.CucumberExecutionContext.lambda$runTestCase$5(CucumberExecutionContext.java:137) [cucumber-core-7.14.0.jar:7.14.0]
	at io.cucumber.core.runtime.RethrowingThrowableCollector.executeAndThrow(RethrowingThrowableCollector.java:23) [cucumber-core-7.14.0.jar:7.14.0]
	at io.cucumber.core.runtime.CucumberExecutionContext.runTestCase(CucumberExecutionContext.java:137) [cucumber-core-7.14.0.jar:7.14.0]
	at io.cucumber.core.runtime.Runtime.lambda$executePickle$7(Runtime.java:107) [cucumber-core-7.14.0.jar:7.14.0]
	at java.util.concurrent.Executors$RunnableAdapter.call(Executors.java:545) [?:?]
	at java.util.concurrent.FutureTask.run(FutureTask.java:328) [?:?]
	at io.cucumber.core.runtime.Runtime$SameThreadExecutorService.execute(Runtime.java:235) [cucumber-core-7.14.0.jar:7.14.0]
	at java.util.concurrent.AbstractExecutorService.submit(AbstractExecutorService.java:125) [?:?]
	at io.cucumber.core.runtime.Runtime.lambda$runFeatures$3(Runtime.java:89) [cucumber-core-7.14.0.jar:7.14.0]
	at java.util.stream.ReferencePipeline$3$1.accept(ReferencePipeline.java:214) [?:?]
	at java.util.stream.SliceOps$1$1.accept(SliceOps.java:200) [?:?]
	at java.util.ArrayList$ArrayListSpliterator.tryAdvance(ArrayList.java:1693) [?:?]
	at java.util.stream.ReferencePipeline.forEachWithCancel(ReferencePipeline.java:147) [?:?]
	at java.util.stream.AbstractPipeline.copyIntoWithCancel(AbstractPipeline.java:588) [?:?]
	at java.util.stream.AbstractPipeline.copyInto(AbstractPipeline.java:574) [?:?]
	at java.util.stream.AbstractPipeline.wrapAndCopyInto(AbstractPipeline.java:560) [?:?]
	at java.util.stream.ReduceOps$ReduceOp.evaluateSequential(ReduceOps.java:921) [?:?]
	at java.util.stream.AbstractPipeline.evaluate(AbstractPipeline.java:265) [?:?]
	at java.util.stream.ReferencePipeline.collect(ReferencePipeline.java:723) [?:?]
	at io.cucumber.core.runtime.Runtime.runFeatures(Runtime.java:90) [cucumber-core-7.14.0.jar:7.14.0]
	at io.cucumber.core.runtime.Runtime.lambda$run$0(Runtime.java:78) [cucumber-core-7.14.0.jar:7.14.0]
	at io.cucumber.core.runtime.CucumberExecutionContext.lambda$runFeatures$6(CucumberExecutionContext.java:148) [cucumber-core-7.14.0.jar:7.14.0]
	at io.cucumber.core.runtime.CucumberExecutionContext.execute(CucumberExecutionContext.java:163) [cucumber-core-7.14.0.jar:7.14.0]
	at io.cucumber.core.runtime.CucumberExecutionContext.runFeatures(CucumberExecutionContext.java:146) [cucumber-core-7.14.0.jar:7.14.0]
	at io.cucumber.core.runtime.Runtime.run(Runtime.java:78) [cucumber-core-7.14.0.jar:7.14.0]
	at io.cucumber.core.cli.Main.run(Main.java:87) [cucumber-core-7.14.0.jar:7.14.0]
	at io.cucumber.core.cli.Main.main(Main.java:30) [cucumber-core-7.14.0.jar:7.14.0]
2026-05-13 16:53:21.634 [main] INFO  com.tui.stepdefinitions.Hooks - Quitting driver
2026-05-13 16:57:14.612 [main] INFO  com.tui.stepdefinitions.Hooks - Initializing driver
2026-05-13 16:57:14.616 [main] INFO  com.tui.driver.DriverFactory - Initializing Android Driver with local execution
2026-05-13 16:57:14.617 [main] INFO  com.tui.driver.DriverFactory - Device Name: emulator-5555
2026-05-13 16:57:14.617 [main] INFO  com.tui.driver.DriverFactory - Platform Version: 17.0
2026-05-13 16:57:14.617 [main] INFO  com.tui.driver.DriverFactory - App Path: src/test/resources/apps/TUIChallengeApp.apk
2026-05-13 16:57:14.623 [main] INFO  com.tui.driver.DriverFactory - Attempting to connect to Appium server at http://127.0.0.1:4723
2026-05-13 16:57:17.281 [main] ERROR com.tui.driver.DriverFactory - Error initializing Appium driver. Ensure Appium server is running on http://127.0.0.1:4723
org.openqa.selenium.SessionNotCreatedException: Could not start a new session. Response code 500. Message: The application at 'C:\Users\Thyson\src\test\resources\apps\TUIChallengeApp.apk' does not exist or is not accessible 
Host info: host: 'DESKTOP-B6265V6', ip: '10.31.85.95'
Build info: version: '4.13.0', revision: 'ba948ece5b*'
System info: os.name: 'Windows 11', os.arch: 'amd64', os.version: '10.0', java.version: '25'
Driver info: io.appium.java_client.android.AndroidDriver
Command: [null, newSession {capabilities=[{appium:app=src/test/resources/apps/TUIChallengeApp.apk, appium:appActivity=.MainActivity, appium:appPackage=com.tui, appium:automationName=UiAutomator2, appium:deviceName=emulator-5555, platformName=ANDROID, appium:platformVersion=17.0}], desiredCapabilities=Capabilities {app: src/test/resources/apps/TUI..., appActivity: .MainActivity, appPackage: com.tui, automationName: UiAutomator2, deviceName: emulator-5555, platformName: ANDROID, platformVersion: 17.0}}]
Capabilities {app: src/test/resources/apps/TUI..., appActivity: .MainActivity, appPackage: com.tui, automationName: UiAutomator2, deviceName: emulator-5555, platformName: ANDROID, platformVersion: 17.0}
	at org.openqa.selenium.remote.ProtocolHandshake.createSession(ProtocolHandshake.java:140) ~[selenium-remote-driver-4.13.0.jar:?]
	at jdk.internal.reflect.DirectMethodHandleAccessor.invoke(DirectMethodHandleAccessor.java:104) ~[?:?]
	at java.lang.reflect.Method.invoke(Method.java:565) ~[?:?]
	at io.appium.java_client.remote.AppiumProtocolHandshake.createSession(AppiumProtocolHandshake.java:133) ~[java-client-8.6.0.jar:?]
	at io.appium.java_client.remote.AppiumProtocolHandshake.createSession(AppiumProtocolHandshake.java:102) ~[java-client-8.6.0.jar:?]
	at io.appium.java_client.remote.AppiumCommandExecutor.createSession(AppiumCommandExecutor.java:182) ~[java-client-8.6.0.jar:?]
	at io.appium.java_client.remote.AppiumCommandExecutor.execute(AppiumCommandExecutor.java:250) ~[java-client-8.6.0.jar:?]
	at org.openqa.selenium.remote.RemoteWebDriver.execute(RemoteWebDriver.java:602) ~[selenium-remote-driver-4.13.0.jar:?]
	at io.appium.java_client.AppiumDriver.startSession(AppiumDriver.java:274) ~[java-client-8.6.0.jar:?]
	at org.openqa.selenium.remote.RemoteWebDriver.<init>(RemoteWebDriver.java:163) ~[selenium-remote-driver-4.13.0.jar:?]
	at io.appium.java_client.AppiumDriver.<init>(AppiumDriver.java:89) ~[java-client-8.6.0.jar:?]
	at io.appium.java_client.AppiumDriver.<init>(AppiumDriver.java:101) ~[java-client-8.6.0.jar:?]
	at io.appium.java_client.android.AndroidDriver.<init>(AndroidDriver.java:113) ~[java-client-8.6.0.jar:?]
	at com.tui.driver.DriverFactory.initializeDriver(DriverFactory.java:51) [test-classes/:?]
	at com.tui.stepdefinitions.Hooks.setUp(Hooks.java:17) [test-classes/:?]
	at jdk.internal.reflect.DirectMethodHandleAccessor.invoke(DirectMethodHandleAccessor.java:104) ~[?:?]
	at java.lang.reflect.Method.invoke(Method.java:565) ~[?:?]
	at io.cucumber.java.Invoker.doInvoke(Invoker.java:66) [cucumber-java-7.14.0.jar:7.14.0]
	at io.cucumber.java.Invoker.invoke(Invoker.java:24) [cucumber-java-7.14.0.jar:7.14.0]
	at io.cucumber.java.AbstractGlueDefinition.invokeMethod(AbstractGlueDefinition.java:47) [cucumber-java-7.14.0.jar:7.14.0]
	at io.cucumber.java.JavaHookDefinition.execute(JavaHookDefinition.java:64) [cucumber-java-7.14.0.jar:7.14.0]
	at io.cucumber.core.runner.CoreHookDefinition.execute(CoreHookDefinition.java:46) [cucumber-core-7.14.0.jar:7.14.0]
	at io.cucumber.core.runner.HookDefinitionMatch.runStep(HookDefinitionMatch.java:21) [cucumber-core-7.14.0.jar:7.14.0]
	at io.cucumber.core.runner.ExecutionMode$1.execute(ExecutionMode.java:10) [cucumber-core-7.14.0.jar:7.14.0]
	at io.cucumber.core.runner.TestStep.executeStep(TestStep.java:84) [cucumber-core-7.14.0.jar:7.14.0]
	at io.cucumber.core.runner.TestStep.run(TestStep.java:56) [cucumber-core-7.14.0.jar:7.14.0]
	at io.cucumber.core.runner.TestCase.run(TestCase.java:78) [cucumber-core-7.14.0.jar:7.14.0]
	at io.cucumber.core.runner.Runner.runPickle(Runner.java:75) [cucumber-core-7.14.0.jar:7.14.0]
	at io.cucumber.core.runtime.Runtime.lambda$executePickle$6(Runtime.java:107) [cucumber-core-7.14.0.jar:7.14.0]
	at io.cucumber.core.runtime.CucumberExecutionContext.lambda$runTestCase$5(CucumberExecutionContext.java:137) [cucumber-core-7.14.0.jar:7.14.0]
	at io.cucumber.core.runtime.RethrowingThrowableCollector.executeAndThrow(RethrowingThrowableCollector.java:23) [cucumber-core-7.14.0.jar:7.14.0]
	at io.cucumber.core.runtime.CucumberExecutionContext.runTestCase(CucumberExecutionContext.java:137) [cucumber-core-7.14.0.jar:7.14.0]
	at io.cucumber.core.runtime.Runtime.lambda$executePickle$7(Runtime.java:107) [cucumber-core-7.14.0.jar:7.14.0]
	at java.util.concurrent.Executors$RunnableAdapter.call(Executors.java:545) [?:?]
	at java.util.concurrent.FutureTask.run(FutureTask.java:328) [?:?]
	at io.cucumber.core.runtime.Runtime$SameThreadExecutorService.execute(Runtime.java:235) [cucumber-core-7.14.0.jar:7.14.0]
	at java.util.concurrent.AbstractExecutorService.submit(AbstractExecutorService.java:125) [?:?]
	at io.cucumber.core.runtime.Runtime.lambda$runFeatures$3(Runtime.java:89) [cucumber-core-7.14.0.jar:7.14.0]
	at java.util.stream.ReferencePipeline$3$1.accept(ReferencePipeline.java:214) [?:?]
	at java.util.stream.SliceOps$1$1.accept(SliceOps.java:200) [?:?]
	at java.util.ArrayList$ArrayListSpliterator.tryAdvance(ArrayList.java:1693) [?:?]
	at java.util.stream.ReferencePipeline.forEachWithCancel(ReferencePipeline.java:147) [?:?]
	at java.util.stream.AbstractPipeline.copyIntoWithCancel(AbstractPipeline.java:588) [?:?]
	at java.util.stream.AbstractPipeline.copyInto(AbstractPipeline.java:574) [?:?]
	at java.util.stream.AbstractPipeline.wrapAndCopyInto(AbstractPipeline.java:560) [?:?]
	at java.util.stream.ReduceOps$ReduceOp.evaluateSequential(ReduceOps.java:921) [?:?]
	at java.util.stream.AbstractPipeline.evaluate(AbstractPipeline.java:265) [?:?]
	at java.util.stream.ReferencePipeline.collect(ReferencePipeline.java:723) [?:?]
	at io.cucumber.core.runtime.Runtime.runFeatures(Runtime.java:90) [cucumber-core-7.14.0.jar:7.14.0]
	at io.cucumber.core.runtime.Runtime.lambda$run$0(Runtime.java:78) [cucumber-core-7.14.0.jar:7.14.0]
	at io.cucumber.core.runtime.CucumberExecutionContext.lambda$runFeatures$6(CucumberExecutionContext.java:148) [cucumber-core-7.14.0.jar:7.14.0]
	at io.cucumber.core.runtime.CucumberExecutionContext.execute(CucumberExecutionContext.java:163) [cucumber-core-7.14.0.jar:7.14.0]
	at io.cucumber.core.runtime.CucumberExecutionContext.runFeatures(CucumberExecutionContext.java:146) [cucumber-core-7.14.0.jar:7.14.0]
	at io.cucumber.core.runtime.Runtime.run(Runtime.java:78) [cucumber-core-7.14.0.jar:7.14.0]
	at io.cucumber.core.cli.Main.run(Main.java:87) [cucumber-core-7.14.0.jar:7.14.0]
	at io.cucumber.core.cli.Main.main(Main.java:30) [cucumber-core-7.14.0.jar:7.14.0]
2026-05-13 16:57:17.354 [main] INFO  com.tui.stepdefinitions.Hooks - Quitting driver
2026-05-13 17:01:13.822 [main] INFO  com.tui.stepdefinitions.Hooks - Initializing driver
2026-05-13 17:01:13.826 [main] INFO  com.tui.driver.DriverFactory - Initializing Android Driver with local execution
2026-05-13 17:01:13.827 [main] INFO  com.tui.driver.DriverFactory - Device Name: emulator-5555
2026-05-13 17:01:13.827 [main] INFO  com.tui.driver.DriverFactory - Platform Version: 17.0
2026-05-13 17:01:13.827 [main] INFO  com.tui.driver.DriverFactory - App Path: C:\Users\Thyson\Documents\Sonata\TUIframeworkBDD\src\test\resources\apps\TUIChallengeApp.apk
2026-05-13 17:01:13.832 [main] INFO  com.tui.driver.DriverFactory - Attempting to connect to Appium server at http://127.0.0.1:4723
2026-05-13 17:01:37.182 [main] INFO  com.tui.stepdefinitions.Hooks - Initializing driver
2026-05-13 17:01:37.190 [main] INFO  com.tui.driver.DriverFactory - Initializing Android Driver with local execution
2026-05-13 17:01:37.191 [main] INFO  com.tui.driver.DriverFactory - Device Name: emulator-5555
2026-05-13 17:01:37.191 [main] INFO  com.tui.driver.DriverFactory - Platform Version: 17.0
2026-05-13 17:01:37.191 [main] INFO  com.tui.driver.DriverFactory - App Path: C:\Users\Thyson\Documents\Sonata\TUIframeworkBDD\src\test\resources\apps\TUIChallengeApp.apk
2026-05-13 17:01:37.195 [main] INFO  com.tui.driver.DriverFactory - Attempting to connect to Appium server at http://127.0.0.1:4723
2026-05-13 17:01:50.130 [main] ERROR com.tui.driver.DriverFactory - Error initializing Appium driver. Ensure Appium server is running on http://127.0.0.1:4723
org.openqa.selenium.SessionNotCreatedException: Could not start a new session. Response code 500. Message: Cannot start the 'com.tui' application. Consider checking the driver's troubleshooting documentation. Original error: Error executing adbExec. Original error: 'Command ''C:\Users\Thyson\AppData\Local\Android\Sdk\platform-tools\adb.exe' -P 5037 -s emulator-5554 shell am start-activity -W -n com.tui/.MainActivity -S -a android.intent.action.MAIN -c android.intent.category.LAUNCHER -f 0x10200000' exited with code 1'; Command output: Stopping: com.tui
Starting: Intent { act=android.intent.action.MAIN cat=[android.intent.category.LAUNCHER] flg=0x10200000 cmp=com.tui/.MainActivity }
Error type 3
Error: Activity class {com.tui/com.tui.MainActivity} does not exist.
 
Host info: host: 'DESKTOP-B6265V6', ip: '10.31.85.95'
Build info: version: '4.13.0', revision: 'ba948ece5b*'
System info: os.name: 'Windows 11', os.arch: 'amd64', os.version: '10.0', java.version: '25'
Driver info: io.appium.java_client.android.AndroidDriver
Command: [null, newSession {capabilities=[{appium:app=C:\Users\Thyson\Documents\Sonata\TUIframeworkBDD\src\test\resources\apps\TUIChallengeApp.apk, appium:appActivity=.MainActivity, appium:appPackage=com.tui, appium:automationName=UiAutomator2, appium:deviceName=emulator-5555, platformName=ANDROID, appium:platformVersion=17.0}], desiredCapabilities=Capabilities {app: C:\Users\Thyson\Documents\S..., appActivity: .MainActivity, appPackage: com.tui, automationName: UiAutomator2, deviceName: emulator-5555, platformName: ANDROID, platformVersion: 17.0}}]
Capabilities {app: C:\Users\Thyson\Documents\S..., appActivity: .MainActivity, appPackage: com.tui, automationName: UiAutomator2, deviceName: emulator-5555, platformName: ANDROID, platformVersion: 17.0}
	at org.openqa.selenium.remote.ProtocolHandshake.createSession(ProtocolHandshake.java:140) ~[selenium-remote-driver-4.13.0.jar:?]
	at jdk.internal.reflect.DirectMethodHandleAccessor.invoke(DirectMethodHandleAccessor.java:104) ~[?:?]
	at java.lang.reflect.Method.invoke(Method.java:565) ~[?:?]
	at io.appium.java_client.remote.AppiumProtocolHandshake.createSession(AppiumProtocolHandshake.java:133) ~[java-client-8.6.0.jar:?]
	at io.appium.java_client.remote.AppiumProtocolHandshake.createSession(AppiumProtocolHandshake.java:102) ~[java-client-8.6.0.jar:?]
	at io.appium.java_client.remote.AppiumCommandExecutor.createSession(AppiumCommandExecutor.java:182) ~[java-client-8.6.0.jar:?]
	at io.appium.java_client.remote.AppiumCommandExecutor.execute(AppiumCommandExecutor.java:250) ~[java-client-8.6.0.jar:?]
	at org.openqa.selenium.remote.RemoteWebDriver.execute(RemoteWebDriver.java:602) ~[selenium-remote-driver-4.13.0.jar:?]
	at io.appium.java_client.AppiumDriver.startSession(AppiumDriver.java:274) ~[java-client-8.6.0.jar:?]
	at org.openqa.selenium.remote.RemoteWebDriver.<init>(RemoteWebDriver.java:163) ~[selenium-remote-driver-4.13.0.jar:?]
	at io.appium.java_client.AppiumDriver.<init>(AppiumDriver.java:89) ~[java-client-8.6.0.jar:?]
	at io.appium.java_client.AppiumDriver.<init>(AppiumDriver.java:101) ~[java-client-8.6.0.jar:?]
	at io.appium.java_client.android.AndroidDriver.<init>(AndroidDriver.java:113) ~[java-client-8.6.0.jar:?]
	at com.tui.driver.DriverFactory.initializeDriver(DriverFactory.java:51) [test-classes/:?]
	at com.tui.stepdefinitions.Hooks.setUp(Hooks.java:17) [test-classes/:?]
	at jdk.internal.reflect.DirectMethodHandleAccessor.invoke(DirectMethodHandleAccessor.java:104) ~[?:?]
	at java.lang.reflect.Method.invoke(Method.java:565) ~[?:?]
	at io.cucumber.java.Invoker.doInvoke(Invoker.java:66) [cucumber-java-7.14.0.jar:7.14.0]
	at io.cucumber.java.Invoker.invoke(Invoker.java:24) [cucumber-java-7.14.0.jar:7.14.0]
	at io.cucumber.java.AbstractGlueDefinition.invokeMethod(AbstractGlueDefinition.java:47) [cucumber-java-7.14.0.jar:7.14.0]
	at io.cucumber.java.JavaHookDefinition.execute(JavaHookDefinition.java:64) [cucumber-java-7.14.0.jar:7.14.0]
	at io.cucumber.core.runner.CoreHookDefinition.execute(CoreHookDefinition.java:46) [cucumber-core-7.14.0.jar:7.14.0]
	at io.cucumber.core.runner.HookDefinitionMatch.runStep(HookDefinitionMatch.java:21) [cucumber-core-7.14.0.jar:7.14.0]
	at io.cucumber.core.runner.ExecutionMode$1.execute(ExecutionMode.java:10) [cucumber-core-7.14.0.jar:7.14.0]
	at io.cucumber.core.runner.TestStep.executeStep(TestStep.java:84) [cucumber-core-7.14.0.jar:7.14.0]
	at io.cucumber.core.runner.TestStep.run(TestStep.java:56) [cucumber-core-7.14.0.jar:7.14.0]
	at io.cucumber.core.runner.TestCase.run(TestCase.java:78) [cucumber-core-7.14.0.jar:7.14.0]
	at io.cucumber.core.runner.Runner.runPickle(Runner.java:75) [cucumber-core-7.14.0.jar:7.14.0]
	at io.cucumber.core.runtime.Runtime.lambda$executePickle$6(Runtime.java:107) [cucumber-core-7.14.0.jar:7.14.0]
	at io.cucumber.core.runtime.CucumberExecutionContext.lambda$runTestCase$5(CucumberExecutionContext.java:137) [cucumber-core-7.14.0.jar:7.14.0]
	at io.cucumber.core.runtime.RethrowingThrowableCollector.executeAndThrow(RethrowingThrowableCollector.java:23) [cucumber-core-7.14.0.jar:7.14.0]
	at io.cucumber.core.runtime.CucumberExecutionContext.runTestCase(CucumberExecutionContext.java:137) [cucumber-core-7.14.0.jar:7.14.0]
	at io.cucumber.core.runtime.Runtime.lambda$executePickle$7(Runtime.java:107) [cucumber-core-7.14.0.jar:7.14.0]
	at java.util.concurrent.Executors$RunnableAdapter.call(Executors.java:545) [?:?]
	at java.util.concurrent.FutureTask.run(FutureTask.java:328) [?:?]
	at io.cucumber.core.runtime.Runtime$SameThreadExecutorService.execute(Runtime.java:235) [cucumber-core-7.14.0.jar:7.14.0]
	at java.util.concurrent.AbstractExecutorService.submit(AbstractExecutorService.java:125) [?:?]
	at io.cucumber.core.runtime.Runtime.lambda$runFeatures$3(Runtime.java:89) [cucumber-core-7.14.0.jar:7.14.0]
	at java.util.stream.ReferencePipeline$3$1.accept(ReferencePipeline.java:214) [?:?]
	at java.util.stream.SliceOps$1$1.accept(SliceOps.java:200) [?:?]
	at java.util.ArrayList$ArrayListSpliterator.tryAdvance(ArrayList.java:1693) [?:?]
	at java.util.stream.ReferencePipeline.forEachWithCancel(ReferencePipeline.java:147) [?:?]
	at java.util.stream.AbstractPipeline.copyIntoWithCancel(AbstractPipeline.java:588) [?:?]
	at java.util.stream.AbstractPipeline.copyInto(AbstractPipeline.java:574) [?:?]
	at java.util.stream.AbstractPipeline.wrapAndCopyInto(AbstractPipeline.java:560) [?:?]
	at java.util.stream.ReduceOps$ReduceOp.evaluateSequential(ReduceOps.java:921) [?:?]
	at java.util.stream.AbstractPipeline.evaluate(AbstractPipeline.java:265) [?:?]
	at java.util.stream.ReferencePipeline.collect(ReferencePipeline.java:723) [?:?]
	at io.cucumber.core.runtime.Runtime.runFeatures(Runtime.java:90) [cucumber-core-7.14.0.jar:7.14.0]
	at io.cucumber.core.runtime.Runtime.lambda$run$0(Runtime.java:78) [cucumber-core-7.14.0.jar:7.14.0]
	at io.cucumber.core.runtime.CucumberExecutionContext.lambda$runFeatures$6(CucumberExecutionContext.java:148) [cucumber-core-7.14.0.jar:7.14.0]
	at io.cucumber.core.runtime.CucumberExecutionContext.execute(CucumberExecutionContext.java:163) [cucumber-core-7.14.0.jar:7.14.0]
	at io.cucumber.core.runtime.CucumberExecutionContext.runFeatures(CucumberExecutionContext.java:146) [cucumber-core-7.14.0.jar:7.14.0]
	at io.cucumber.core.runtime.Runtime.run(Runtime.java:78) [cucumber-core-7.14.0.jar:7.14.0]
	at io.cucumber.core.cli.Main.run(Main.java:87) [cucumber-core-7.14.0.jar:7.14.0]
	at io.cucumber.core.cli.Main.main(Main.java:30) [cucumber-core-7.14.0.jar:7.14.0]
2026-05-13 17:01:50.159 [main] INFO  com.tui.stepdefinitions.Hooks - Quitting driver
2026-05-13 17:34:41.362 [main] INFO  com.tui.stepdefinitions.Hooks - Initializing driver
2026-05-13 17:34:41.370 [main] INFO  com.tui.driver.DriverFactory - Initializing Android Driver with local execution
2026-05-13 17:34:41.371 [main] INFO  com.tui.driver.DriverFactory - Device Name: emulator-5555
2026-05-13 17:34:41.371 [main] INFO  com.tui.driver.DriverFactory - Platform Version: 17.0
2026-05-13 17:34:41.371 [main] INFO  com.tui.driver.DriverFactory - App Path: C:\Users\Thyson\Documents\Sonata\TUIframeworkBDD\src\test\resources\apps\TUIChallengeApp.apk
2026-05-13 17:34:41.378 [main] INFO  com.tui.driver.DriverFactory - Attempting to connect to Appium server at http://127.0.0.1:4723
2026-05-13 17:34:58.241 [main] ERROR com.tui.driver.DriverFactory - Error initializing Appium driver. Ensure Appium server is running on http://127.0.0.1:4723
org.openqa.selenium.SessionNotCreatedException: Could not start a new session. Response code 500. Message: Cannot start the 'com.tui' application. Consider checking the driver's troubleshooting documentation. Original error: Error executing adbExec. Original error: 'Command ''C:\Users\Thyson\AppData\Local\Android\Sdk\platform-tools\adb.exe' -P 5037 -s emulator-5554 shell am start-activity -W -n com.tui/.MainActivity -S -a android.intent.action.MAIN -c android.intent.category.LAUNCHER -f 0x10200000' exited with code 1'; Command output: Stopping: com.tui
Starting: Intent { act=android.intent.action.MAIN cat=[android.intent.category.LAUNCHER] flg=0x10200000 cmp=com.tui/.MainActivity }
Error type 3
Error: Activity class {com.tui/com.tui.MainActivity} does not exist.
 
Host info: host: 'DESKTOP-B6265V6', ip: '10.31.85.95'
Build info: version: '4.13.0', revision: 'ba948ece5b*'
System info: os.name: 'Windows 11', os.arch: 'amd64', os.version: '10.0', java.version: '25'
Driver info: io.appium.java_client.android.AndroidDriver
Command: [null, newSession {capabilities=[{appium:app=C:\Users\Thyson\Documents\Sonata\TUIframeworkBDD\src\test\resources\apps\TUIChallengeApp.apk, appium:appActivity=.MainActivity, appium:appPackage=com.tui, appium:automationName=UiAutomator2, appium:deviceName=emulator-5555, platformName=ANDROID, appium:platformVersion=17.0}], desiredCapabilities=Capabilities {app: C:\Users\Thyson\Documents\S..., appActivity: .MainActivity, appPackage: com.tui, automationName: UiAutomator2, deviceName: emulator-5555, platformName: ANDROID, platformVersion: 17.0}}]
Capabilities {app: C:\Users\Thyson\Documents\S..., appActivity: .MainActivity, appPackage: com.tui, automationName: UiAutomator2, deviceName: emulator-5555, platformName: ANDROID, platformVersion: 17.0}
	at org.openqa.selenium.remote.ProtocolHandshake.createSession(ProtocolHandshake.java:140) ~[selenium-remote-driver-4.13.0.jar:?]
	at jdk.internal.reflect.DirectMethodHandleAccessor.invoke(DirectMethodHandleAccessor.java:104) ~[?:?]
	at java.lang.reflect.Method.invoke(Method.java:565) ~[?:?]
	at io.appium.java_client.remote.AppiumProtocolHandshake.createSession(AppiumProtocolHandshake.java:133) ~[java-client-8.6.0.jar:?]
	at io.appium.java_client.remote.AppiumProtocolHandshake.createSession(AppiumProtocolHandshake.java:102) ~[java-client-8.6.0.jar:?]
	at io.appium.java_client.remote.AppiumCommandExecutor.createSession(AppiumCommandExecutor.java:182) ~[java-client-8.6.0.jar:?]
	at io.appium.java_client.remote.AppiumCommandExecutor.execute(AppiumCommandExecutor.java:250) ~[java-client-8.6.0.jar:?]
	at org.openqa.selenium.remote.RemoteWebDriver.execute(RemoteWebDriver.java:602) ~[selenium-remote-driver-4.13.0.jar:?]
	at io.appium.java_client.AppiumDriver.startSession(AppiumDriver.java:274) ~[java-client-8.6.0.jar:?]
	at org.openqa.selenium.remote.RemoteWebDriver.<init>(RemoteWebDriver.java:163) ~[selenium-remote-driver-4.13.0.jar:?]
	at io.appium.java_client.AppiumDriver.<init>(AppiumDriver.java:89) ~[java-client-8.6.0.jar:?]
	at io.appium.java_client.AppiumDriver.<init>(AppiumDriver.java:101) ~[java-client-8.6.0.jar:?]
	at io.appium.java_client.android.AndroidDriver.<init>(AndroidDriver.java:113) ~[java-client-8.6.0.jar:?]
	at com.tui.driver.DriverFactory.initializeDriver(DriverFactory.java:51) [test-classes/:?]
	at com.tui.stepdefinitions.Hooks.setUp(Hooks.java:17) [test-classes/:?]
	at jdk.internal.reflect.DirectMethodHandleAccessor.invoke(DirectMethodHandleAccessor.java:104) ~[?:?]
	at java.lang.reflect.Method.invoke(Method.java:565) ~[?:?]
	at io.cucumber.java.Invoker.doInvoke(Invoker.java:66) [cucumber-java-7.14.0.jar:7.14.0]
	at io.cucumber.java.Invoker.invoke(Invoker.java:24) [cucumber-java-7.14.0.jar:7.14.0]
	at io.cucumber.java.AbstractGlueDefinition.invokeMethod(AbstractGlueDefinition.java:47) [cucumber-java-7.14.0.jar:7.14.0]
	at io.cucumber.java.JavaHookDefinition.execute(JavaHookDefinition.java:64) [cucumber-java-7.14.0.jar:7.14.0]
	at io.cucumber.core.runner.CoreHookDefinition.execute(CoreHookDefinition.java:46) [cucumber-core-7.14.0.jar:7.14.0]
	at io.cucumber.core.runner.HookDefinitionMatch.runStep(HookDefinitionMatch.java:21) [cucumber-core-7.14.0.jar:7.14.0]
	at io.cucumber.core.runner.ExecutionMode$1.execute(ExecutionMode.java:10) [cucumber-core-7.14.0.jar:7.14.0]
	at io.cucumber.core.runner.TestStep.executeStep(TestStep.java:84) [cucumber-core-7.14.0.jar:7.14.0]
	at io.cucumber.core.runner.TestStep.run(TestStep.java:56) [cucumber-core-7.14.0.jar:7.14.0]
	at io.cucumber.core.runner.TestCase.run(TestCase.java:78) [cucumber-core-7.14.0.jar:7.14.0]
	at io.cucumber.core.runner.Runner.runPickle(Runner.java:75) [cucumber-core-7.14.0.jar:7.14.0]
	at io.cucumber.core.runtime.Runtime.lambda$executePickle$6(Runtime.java:107) [cucumber-core-7.14.0.jar:7.14.0]
	at io.cucumber.core.runtime.CucumberExecutionContext.lambda$runTestCase$5(CucumberExecutionContext.java:137) [cucumber-core-7.14.0.jar:7.14.0]
	at io.cucumber.core.runtime.RethrowingThrowableCollector.executeAndThrow(RethrowingThrowableCollector.java:23) [cucumber-core-7.14.0.jar:7.14.0]
	at io.cucumber.core.runtime.CucumberExecutionContext.runTestCase(CucumberExecutionContext.java:137) [cucumber-core-7.14.0.jar:7.14.0]
	at io.cucumber.core.runtime.Runtime.lambda$executePickle$7(Runtime.java:107) [cucumber-core-7.14.0.jar:7.14.0]
	at java.util.concurrent.Executors$RunnableAdapter.call(Executors.java:545) [?:?]
	at java.util.concurrent.FutureTask.run(FutureTask.java:328) [?:?]
	at io.cucumber.core.runtime.Runtime$SameThreadExecutorService.execute(Runtime.java:235) [cucumber-core-7.14.0.jar:7.14.0]
	at java.util.concurrent.AbstractExecutorService.submit(AbstractExecutorService.java:125) [?:?]
	at io.cucumber.core.runtime.Runtime.lambda$runFeatures$3(Runtime.java:89) [cucumber-core-7.14.0.jar:7.14.0]
	at java.util.stream.ReferencePipeline$3$1.accept(ReferencePipeline.java:214) [?:?]
	at java.util.stream.SliceOps$1$1.accept(SliceOps.java:200) [?:?]
	at java.util.ArrayList$ArrayListSpliterator.tryAdvance(ArrayList.java:1693) [?:?]
	at java.util.stream.ReferencePipeline.forEachWithCancel(ReferencePipeline.java:147) [?:?]
	at java.util.stream.AbstractPipeline.copyIntoWithCancel(AbstractPipeline.java:588) [?:?]
	at java.util.stream.AbstractPipeline.copyInto(AbstractPipeline.java:574) [?:?]
	at java.util.stream.AbstractPipeline.wrapAndCopyInto(AbstractPipeline.java:560) [?:?]
	at java.util.stream.ReduceOps$ReduceOp.evaluateSequential(ReduceOps.java:921) [?:?]
	at java.util.stream.AbstractPipeline.evaluate(AbstractPipeline.java:265) [?:?]
	at java.util.stream.ReferencePipeline.collect(ReferencePipeline.java:723) [?:?]
	at io.cucumber.core.runtime.Runtime.runFeatures(Runtime.java:90) [cucumber-core-7.14.0.jar:7.14.0]
	at io.cucumber.core.runtime.Runtime.lambda$run$0(Runtime.java:78) [cucumber-core-7.14.0.jar:7.14.0]
	at io.cucumber.core.runtime.CucumberExecutionContext.lambda$runFeatures$6(CucumberExecutionContext.java:148) [cucumber-core-7.14.0.jar:7.14.0]
	at io.cucumber.core.runtime.CucumberExecutionContext.execute(CucumberExecutionContext.java:163) [cucumber-core-7.14.0.jar:7.14.0]
	at io.cucumber.core.runtime.CucumberExecutionContext.runFeatures(CucumberExecutionContext.java:146) [cucumber-core-7.14.0.jar:7.14.0]
	at io.cucumber.core.runtime.Runtime.run(Runtime.java:78) [cucumber-core-7.14.0.jar:7.14.0]
	at io.cucumber.core.cli.Main.run(Main.java:87) [cucumber-core-7.14.0.jar:7.14.0]
	at io.cucumber.core.cli.Main.main(Main.java:30) [cucumber-core-7.14.0.jar:7.14.0]
2026-05-13 17:34:58.282 [main] INFO  com.tui.stepdefinitions.Hooks - Quitting driver
2026-05-13 17:34:58.308 [main] INFO  com.tui.stepdefinitions.Hooks - Initializing driver
2026-05-13 17:34:58.309 [main] INFO  com.tui.driver.DriverFactory - Initializing Android Driver with local execution
2026-05-13 17:34:58.310 [main] INFO  com.tui.driver.DriverFactory - Device Name: emulator-5555
2026-05-13 17:34:58.310 [main] INFO  com.tui.driver.DriverFactory - Platform Version: 17.0
2026-05-13 17:34:58.310 [main] INFO  com.tui.driver.DriverFactory - App Path: C:\Users\Thyson\Documents\Sonata\TUIframeworkBDD\src\test\resources\apps\TUIChallengeApp.apk
2026-05-13 17:34:58.311 [main] INFO  com.tui.driver.DriverFactory - Attempting to connect to Appium server at http://127.0.0.1:4723
2026-05-13 17:35:27.735 [main] ERROR com.tui.driver.DriverFactory - Error initializing Appium driver. Ensure Appium server is running on http://127.0.0.1:4723
org.openqa.selenium.SessionNotCreatedException: Could not start a new session. Response code 500. Message: Cannot start the 'com.tui' application. Consider checking the driver's troubleshooting documentation. Original error: Error executing adbExec. Original error: 'Command ''C:\Users\Thyson\AppData\Local\Android\Sdk\platform-tools\adb.exe' -P 5037 -s emulator-5554 shell am start-activity -W -n com.tui/.MainActivity -S -a android.intent.action.MAIN -c android.intent.category.LAUNCHER -f 0x10200000' exited with code 1'; Command output: Stopping: com.tui
Starting: Intent { act=android.intent.action.MAIN cat=[android.intent.category.LAUNCHER] flg=0x10200000 cmp=com.tui/.MainActivity }
Error type 3
Error: Activity class {com.tui/com.tui.MainActivity} does not exist.
 
Host info: host: 'DESKTOP-B6265V6', ip: '10.31.85.95'
Build info: version: '4.13.0', revision: 'ba948ece5b*'
System info: os.name: 'Windows 11', os.arch: 'amd64', os.version: '10.0', java.version: '25'
Driver info: io.appium.java_client.android.AndroidDriver
Command: [null, newSession {capabilities=[{appium:app=C:\Users\Thyson\Documents\Sonata\TUIframeworkBDD\src\test\resources\apps\TUIChallengeApp.apk, appium:appActivity=.MainActivity, appium:appPackage=com.tui, appium:automationName=UiAutomator2, appium:deviceName=emulator-5555, platformName=ANDROID, appium:platformVersion=17.0}], desiredCapabilities=Capabilities {app: C:\Users\Thyson\Documents\S..., appActivity: .MainActivity, appPackage: com.tui, automationName: UiAutomator2, deviceName: emulator-5555, platformName: ANDROID, platformVersion: 17.0}}]
Capabilities {app: C:\Users\Thyson\Documents\S..., appActivity: .MainActivity, appPackage: com.tui, automationName: UiAutomator2, deviceName: emulator-5555, platformName: ANDROID, platformVersion: 17.0}
	at org.openqa.selenium.remote.ProtocolHandshake.createSession(ProtocolHandshake.java:140) ~[selenium-remote-driver-4.13.0.jar:?]
	at jdk.internal.reflect.DirectMethodHandleAccessor.invoke(DirectMethodHandleAccessor.java:104) ~[?:?]
	at java.lang.reflect.Method.invoke(Method.java:565) ~[?:?]
	at io.appium.java_client.remote.AppiumProtocolHandshake.createSession(AppiumProtocolHandshake.java:133) ~[java-client-8.6.0.jar:?]
	at io.appium.java_client.remote.AppiumProtocolHandshake.createSession(AppiumProtocolHandshake.java:102) ~[java-client-8.6.0.jar:?]
	at io.appium.java_client.remote.AppiumCommandExecutor.createSession(AppiumCommandExecutor.java:182) ~[java-client-8.6.0.jar:?]
	at io.appium.java_client.remote.AppiumCommandExecutor.execute(AppiumCommandExecutor.java:250) ~[java-client-8.6.0.jar:?]
	at org.openqa.selenium.remote.RemoteWebDriver.execute(RemoteWebDriver.java:602) ~[selenium-remote-driver-4.13.0.jar:?]
	at io.appium.java_client.AppiumDriver.startSession(AppiumDriver.java:274) ~[java-client-8.6.0.jar:?]
	at org.openqa.selenium.remote.RemoteWebDriver.<init>(RemoteWebDriver.java:163) ~[selenium-remote-driver-4.13.0.jar:?]
	at io.appium.java_client.AppiumDriver.<init>(AppiumDriver.java:89) ~[java-client-8.6.0.jar:?]
	at io.appium.java_client.AppiumDriver.<init>(AppiumDriver.java:101) ~[java-client-8.6.0.jar:?]
	at io.appium.java_client.android.AndroidDriver.<init>(AndroidDriver.java:113) ~[java-client-8.6.0.jar:?]
	at com.tui.driver.DriverFactory.initializeDriver(DriverFactory.java:51) [test-classes/:?]
	at com.tui.stepdefinitions.Hooks.setUp(Hooks.java:17) [test-classes/:?]
	at jdk.internal.reflect.DirectMethodHandleAccessor.invoke(DirectMethodHandleAccessor.java:104) ~[?:?]
	at java.lang.reflect.Method.invoke(Method.java:565) ~[?:?]
	at io.cucumber.java.Invoker.doInvoke(Invoker.java:66) [cucumber-java-7.14.0.jar:7.14.0]
	at io.cucumber.java.Invoker.invoke(Invoker.java:24) [cucumber-java-7.14.0.jar:7.14.0]
	at io.cucumber.java.AbstractGlueDefinition.invokeMethod(AbstractGlueDefinition.java:47) [cucumber-java-7.14.0.jar:7.14.0]
	at io.cucumber.java.JavaHookDefinition.execute(JavaHookDefinition.java:64) [cucumber-java-7.14.0.jar:7.14.0]
	at io.cucumber.core.runner.CoreHookDefinition.execute(CoreHookDefinition.java:46) [cucumber-core-7.14.0.jar:7.14.0]
	at io.cucumber.core.runner.HookDefinitionMatch.runStep(HookDefinitionMatch.java:21) [cucumber-core-7.14.0.jar:7.14.0]
	at io.cucumber.core.runner.ExecutionMode$1.execute(ExecutionMode.java:10) [cucumber-core-7.14.0.jar:7.14.0]
	at io.cucumber.core.runner.TestStep.executeStep(TestStep.java:84) [cucumber-core-7.14.0.jar:7.14.0]
	at io.cucumber.core.runner.TestStep.run(TestStep.java:56) [cucumber-core-7.14.0.jar:7.14.0]
	at io.cucumber.core.runner.TestCase.run(TestCase.java:78) [cucumber-core-7.14.0.jar:7.14.0]
	at io.cucumber.core.runner.Runner.runPickle(Runner.java:75) [cucumber-core-7.14.0.jar:7.14.0]
	at io.cucumber.core.runtime.Runtime.lambda$executePickle$6(Runtime.java:107) [cucumber-core-7.14.0.jar:7.14.0]
	at io.cucumber.core.runtime.CucumberExecutionContext.lambda$runTestCase$5(CucumberExecutionContext.java:137) [cucumber-core-7.14.0.jar:7.14.0]
	at io.cucumber.core.runtime.RethrowingThrowableCollector.executeAndThrow(RethrowingThrowableCollector.java:23) [cucumber-core-7.14.0.jar:7.14.0]
	at io.cucumber.core.runtime.CucumberExecutionContext.runTestCase(CucumberExecutionContext.java:137) [cucumber-core-7.14.0.jar:7.14.0]
	at io.cucumber.core.runtime.Runtime.lambda$executePickle$7(Runtime.java:107) [cucumber-core-7.14.0.jar:7.14.0]
	at java.util.concurrent.Executors$RunnableAdapter.call(Executors.java:545) [?:?]
	at java.util.concurrent.FutureTask.run(FutureTask.java:328) [?:?]
	at io.cucumber.core.runtime.Runtime$SameThreadExecutorService.execute(Runtime.java:235) [cucumber-core-7.14.0.jar:7.14.0]
	at java.util.concurrent.AbstractExecutorService.submit(AbstractExecutorService.java:125) [?:?]
	at io.cucumber.core.runtime.Runtime.lambda$runFeatures$3(Runtime.java:89) [cucumber-core-7.14.0.jar:7.14.0]
	at java.util.stream.ReferencePipeline$3$1.accept(ReferencePipeline.java:214) [?:?]
	at java.util.stream.SliceOps$1$1.accept(SliceOps.java:200) [?:?]
	at java.util.ArrayList$ArrayListSpliterator.tryAdvance(ArrayList.java:1693) [?:?]
	at java.util.stream.ReferencePipeline.forEachWithCancel(ReferencePipeline.java:147) [?:?]
	at java.util.stream.AbstractPipeline.copyIntoWithCancel(AbstractPipeline.java:588) [?:?]
	at java.util.stream.AbstractPipeline.copyInto(AbstractPipeline.java:574) [?:?]
	at java.util.stream.AbstractPipeline.wrapAndCopyInto(AbstractPipeline.java:560) [?:?]
	at java.util.stream.ReduceOps$ReduceOp.evaluateSequential(ReduceOps.java:921) [?:?]
	at java.util.stream.AbstractPipeline.evaluate(AbstractPipeline.java:265) [?:?]
	at java.util.stream.ReferencePipeline.collect(ReferencePipeline.java:723) [?:?]
	at io.cucumber.core.runtime.Runtime.runFeatures(Runtime.java:90) [cucumber-core-7.14.0.jar:7.14.0]
	at io.cucumber.core.runtime.Runtime.lambda$run$0(Runtime.java:78) [cucumber-core-7.14.0.jar:7.14.0]
	at io.cucumber.core.runtime.CucumberExecutionContext.lambda$runFeatures$6(CucumberExecutionContext.java:148) [cucumber-core-7.14.0.jar:7.14.0]
	at io.cucumber.core.runtime.CucumberExecutionContext.execute(CucumberExecutionContext.java:163) [cucumber-core-7.14.0.jar:7.14.0]
	at io.cucumber.core.runtime.CucumberExecutionContext.runFeatures(CucumberExecutionContext.java:146) [cucumber-core-7.14.0.jar:7.14.0]
	at io.cucumber.core.runtime.Runtime.run(Runtime.java:78) [cucumber-core-7.14.0.jar:7.14.0]
	at io.cucumber.core.cli.Main.run(Main.java:87) [cucumber-core-7.14.0.jar:7.14.0]
	at io.cucumber.core.cli.Main.main(Main.java:30) [cucumber-core-7.14.0.jar:7.14.0]
2026-05-13 17:35:27.802 [main] INFO  com.tui.stepdefinitions.Hooks - Quitting driver
2026-05-13 17:37:16.923 [main] INFO  com.tui.stepdefinitions.Hooks - Initializing driver
2026-05-13 17:37:16.931 [main] INFO  com.tui.driver.DriverFactory - Initializing Android Driver with local execution
2026-05-13 17:37:16.932 [main] INFO  com.tui.driver.DriverFactory - Device Name: emulator-5555
2026-05-13 17:37:16.932 [main] INFO  com.tui.driver.DriverFactory - Platform Version: 17.0
2026-05-13 17:37:16.932 [main] INFO  com.tui.driver.DriverFactory - App Path: C:\Users\Thyson\Documents\Sonata\TUIframeworkBDD\src\test\resources\apps\TUIChallengeApp.apk
2026-05-13 17:37:16.943 [main] INFO  com.tui.driver.DriverFactory - Attempting to connect to Appium server at http://127.0.0.1:4723
2026-05-13 17:37:31.315 [main] ERROR com.tui.driver.DriverFactory - Error initializing Appium driver. Ensure Appium server is running on http://127.0.0.1:4723
org.openqa.selenium.SessionNotCreatedException: Could not start a new session. Response code 500. Message: Cannot start the 'com.tui' application. Consider checking the driver's troubleshooting documentation. Original error: Error executing adbExec. Original error: 'Command ''C:\Users\Thyson\AppData\Local\Android\Sdk\platform-tools\adb.exe' -P 5037 -s emulator-5554 shell am start-activity -W -n com.tui/.MainActivity -S -a android.intent.action.MAIN -c android.intent.category.LAUNCHER -f 0x10200000' exited with code 1'; Command output: Stopping: com.tui
Starting: Intent { act=android.intent.action.MAIN cat=[android.intent.category.LAUNCHER] flg=0x10200000 cmp=com.tui/.MainActivity }
Error type 3
Error: Activity class {com.tui/com.tui.MainActivity} does not exist.
 
Host info: host: 'DESKTOP-B6265V6', ip: '10.31.85.95'
Build info: version: '4.13.0', revision: 'ba948ece5b*'
System info: os.name: 'Windows 11', os.arch: 'amd64', os.version: '10.0', java.version: '25'
Driver info: io.appium.java_client.android.AndroidDriver
Command: [null, newSession {capabilities=[{appium:app=C:\Users\Thyson\Documents\Sonata\TUIframeworkBDD\src\test\resources\apps\TUIChallengeApp.apk, appium:appActivity=.MainActivity, appium:appPackage=com.tui, appium:autoGrantPermissions=true, appium:automationName=UiAutomator2, appium:deviceName=emulator-5555, platformName=ANDROID, appium:platformVersion=17.0}], desiredCapabilities=Capabilities {app: C:\Users\Thyson\Documents\S..., appActivity: .MainActivity, appPackage: com.tui, autoGrantPermissions: true, automationName: UiAutomator2, deviceName: emulator-5555, platformName: ANDROID, platformVersion: 17.0}}]
Capabilities {app: C:\Users\Thyson\Documents\S..., appActivity: .MainActivity, appPackage: com.tui, autoGrantPermissions: true, automationName: UiAutomator2, deviceName: emulator-5555, platformName: ANDROID, platformVersion: 17.0}
	at org.openqa.selenium.remote.ProtocolHandshake.createSession(ProtocolHandshake.java:140) ~[selenium-remote-driver-4.13.0.jar:?]
	at jdk.internal.reflect.DirectMethodHandleAccessor.invoke(DirectMethodHandleAccessor.java:104) ~[?:?]
	at java.lang.reflect.Method.invoke(Method.java:565) ~[?:?]
	at io.appium.java_client.remote.AppiumProtocolHandshake.createSession(AppiumProtocolHandshake.java:133) ~[java-client-8.6.0.jar:?]
	at io.appium.java_client.remote.AppiumProtocolHandshake.createSession(AppiumProtocolHandshake.java:102) ~[java-client-8.6.0.jar:?]
	at io.appium.java_client.remote.AppiumCommandExecutor.createSession(AppiumCommandExecutor.java:182) ~[java-client-8.6.0.jar:?]
	at io.appium.java_client.remote.AppiumCommandExecutor.execute(AppiumCommandExecutor.java:250) ~[java-client-8.6.0.jar:?]
	at org.openqa.selenium.remote.RemoteWebDriver.execute(RemoteWebDriver.java:602) ~[selenium-remote-driver-4.13.0.jar:?]
	at io.appium.java_client.AppiumDriver.startSession(AppiumDriver.java:274) ~[java-client-8.6.0.jar:?]
	at org.openqa.selenium.remote.RemoteWebDriver.<init>(RemoteWebDriver.java:163) ~[selenium-remote-driver-4.13.0.jar:?]
	at io.appium.java_client.AppiumDriver.<init>(AppiumDriver.java:89) ~[java-client-8.6.0.jar:?]
	at io.appium.java_client.AppiumDriver.<init>(AppiumDriver.java:101) ~[java-client-8.6.0.jar:?]
	at io.appium.java_client.android.AndroidDriver.<init>(AndroidDriver.java:113) ~[java-client-8.6.0.jar:?]
	at com.tui.driver.DriverFactory.initializeDriver(DriverFactory.java:52) [test-classes/:?]
	at com.tui.stepdefinitions.Hooks.setUp(Hooks.java:17) [test-classes/:?]
	at jdk.internal.reflect.DirectMethodHandleAccessor.invoke(DirectMethodHandleAccessor.java:104) ~[?:?]
	at java.lang.reflect.Method.invoke(Method.java:565) ~[?:?]
	at io.cucumber.java.Invoker.doInvoke(Invoker.java:66) [cucumber-java-7.14.0.jar:7.14.0]
	at io.cucumber.java.Invoker.invoke(Invoker.java:24) [cucumber-java-7.14.0.jar:7.14.0]
	at io.cucumber.java.AbstractGlueDefinition.invokeMethod(AbstractGlueDefinition.java:47) [cucumber-java-7.14.0.jar:7.14.0]
	at io.cucumber.java.JavaHookDefinition.execute(JavaHookDefinition.java:64) [cucumber-java-7.14.0.jar:7.14.0]
	at io.cucumber.core.runner.CoreHookDefinition.execute(CoreHookDefinition.java:46) [cucumber-core-7.14.0.jar:7.14.0]
	at io.cucumber.core.runner.HookDefinitionMatch.runStep(HookDefinitionMatch.java:21) [cucumber-core-7.14.0.jar:7.14.0]
	at io.cucumber.core.runner.ExecutionMode$1.execute(ExecutionMode.java:10) [cucumber-core-7.14.0.jar:7.14.0]
	at io.cucumber.core.runner.TestStep.executeStep(TestStep.java:84) [cucumber-core-7.14.0.jar:7.14.0]
	at io.cucumber.core.runner.TestStep.run(TestStep.java:56) [cucumber-core-7.14.0.jar:7.14.0]
	at io.cucumber.core.runner.TestCase.run(TestCase.java:78) [cucumber-core-7.14.0.jar:7.14.0]
	at io.cucumber.core.runner.Runner.runPickle(Runner.java:75) [cucumber-core-7.14.0.jar:7.14.0]
	at io.cucumber.core.runtime.Runtime.lambda$executePickle$6(Runtime.java:107) [cucumber-core-7.14.0.jar:7.14.0]
	at io.cucumber.core.runtime.CucumberExecutionContext.lambda$runTestCase$5(CucumberExecutionContext.java:137) [cucumber-core-7.14.0.jar:7.14.0]
	at io.cucumber.core.runtime.RethrowingThrowableCollector.executeAndThrow(RethrowingThrowableCollector.java:23) [cucumber-core-7.14.0.jar:7.14.0]
	at io.cucumber.core.runtime.CucumberExecutionContext.runTestCase(CucumberExecutionContext.java:137) [cucumber-core-7.14.0.jar:7.14.0]
	at io.cucumber.core.runtime.Runtime.lambda$executePickle$7(Runtime.java:107) [cucumber-core-7.14.0.jar:7.14.0]
	at java.util.concurrent.Executors$RunnableAdapter.call(Executors.java:545) [?:?]
	at java.util.concurrent.FutureTask.run(FutureTask.java:328) [?:?]
	at io.cucumber.core.runtime.Runtime$SameThreadExecutorService.execute(Runtime.java:235) [cucumber-core-7.14.0.jar:7.14.0]
	at java.util.concurrent.AbstractExecutorService.submit(AbstractExecutorService.java:125) [?:?]
	at io.cucumber.core.runtime.Runtime.lambda$runFeatures$3(Runtime.java:89) [cucumber-core-7.14.0.jar:7.14.0]
	at java.util.stream.ReferencePipeline$3$1.accept(ReferencePipeline.java:214) [?:?]
	at java.util.stream.SliceOps$1$1.accept(SliceOps.java:200) [?:?]
	at java.util.ArrayList$ArrayListSpliterator.tryAdvance(ArrayList.java:1693) [?:?]
	at java.util.stream.ReferencePipeline.forEachWithCancel(ReferencePipeline.java:147) [?:?]
	at java.util.stream.AbstractPipeline.copyIntoWithCancel(AbstractPipeline.java:588) [?:?]
	at java.util.stream.AbstractPipeline.copyInto(AbstractPipeline.java:574) [?:?]
	at java.util.stream.AbstractPipeline.wrapAndCopyInto(AbstractPipeline.java:560) [?:?]
	at java.util.stream.ReduceOps$ReduceOp.evaluateSequential(ReduceOps.java:921) [?:?]
	at java.util.stream.AbstractPipeline.evaluate(AbstractPipeline.java:265) [?:?]
	at java.util.stream.ReferencePipeline.collect(ReferencePipeline.java:723) [?:?]
	at io.cucumber.core.runtime.Runtime.runFeatures(Runtime.java:90) [cucumber-core-7.14.0.jar:7.14.0]
	at io.cucumber.core.runtime.Runtime.lambda$run$0(Runtime.java:78) [cucumber-core-7.14.0.jar:7.14.0]
	at io.cucumber.core.runtime.CucumberExecutionContext.lambda$runFeatures$6(CucumberExecutionContext.java:148) [cucumber-core-7.14.0.jar:7.14.0]
	at io.cucumber.core.runtime.CucumberExecutionContext.execute(CucumberExecutionContext.java:163) [cucumber-core-7.14.0.jar:7.14.0]
	at io.cucumber.core.runtime.CucumberExecutionContext.runFeatures(CucumberExecutionContext.java:146) [cucumber-core-7.14.0.jar:7.14.0]
	at io.cucumber.core.runtime.Runtime.run(Runtime.java:78) [cucumber-core-7.14.0.jar:7.14.0]
	at io.cucumber.core.cli.Main.run(Main.java:87) [cucumber-core-7.14.0.jar:7.14.0]
	at io.cucumber.core.cli.Main.main(Main.java:30) [cucumber-core-7.14.0.jar:7.14.0]
2026-05-13 17:37:31.358 [main] INFO  com.tui.stepdefinitions.Hooks - Quitting driver
2026-05-14 17:03:18.408 [TestNG-test=TUI Tests-1] INFO  com.tui.stepdefinitions.Hooks - Initializing driver
2026-05-14 17:03:18.445 [TestNG-test=TUI Tests-1] INFO  com.tui.driver.DriverFactory - Initializing Android Driver with local execution
2026-05-14 17:03:18.447 [TestNG-test=TUI Tests-1] INFO  com.tui.driver.DriverFactory - Device Name: emulator-5555
2026-05-14 17:03:18.447 [TestNG-test=TUI Tests-1] INFO  com.tui.driver.DriverFactory - Platform Version: 17.0
2026-05-14 17:03:18.448 [TestNG-test=TUI Tests-1] INFO  com.tui.driver.DriverFactory - App Path: C:\Users\Thyson\Documents\Sonata\TUIframeworkBDD\src\test\resources\apps\TUIChallengeApp.apk
2026-05-14 17:03:18.455 [TestNG-test=TUI Tests-1] INFO  com.tui.driver.DriverFactory - Attempting to connect to Appium server at http://127.0.0.1:4723
2026-05-14 17:03:39.656 [TestNG-test=TUI Tests-1] ERROR com.tui.driver.DriverFactory - Error initializing Appium driver. Ensure Appium server is running on http://127.0.0.1:4723
org.openqa.selenium.SessionNotCreatedException: Could not start a new session. Response code 500. Message: Could not find a connected Android device in 20000ms 
Host info: host: 'DESKTOP-B6265V6', ip: '10.31.85.95'
Build info: version: '4.13.0', revision: 'ba948ece5b*'
System info: os.name: 'Windows 11', os.arch: 'amd64', os.version: '10.0', java.version: '25'
Driver info: io.appium.java_client.android.AndroidDriver
Command: [null, newSession {capabilities=[{appium:app=C:\Users\Thyson\Documents\Sonata\TUIframeworkBDD\src\test\resources\apps\TUIChallengeApp.apk, appium:appActivity=.MainActivity, appium:appPackage=com.tui, appium:autoGrantPermissions=true, appium:automationName=UiAutomator2, appium:deviceName=emulator-5555, platformName=ANDROID, appium:platformVersion=17.0}], desiredCapabilities=Capabilities {app: C:\Users\Thyson\Documents\S..., appActivity: .MainActivity, appPackage: com.tui, autoGrantPermissions: true, automationName: UiAutomator2, deviceName: emulator-5555, platformName: ANDROID, platformVersion: 17.0}}]
Capabilities {app: C:\Users\Thyson\Documents\S..., appActivity: .MainActivity, appPackage: com.tui, autoGrantPermissions: true, automationName: UiAutomator2, deviceName: emulator-5555, platformName: ANDROID, platformVersion: 17.0}
	at org.openqa.selenium.remote.ProtocolHandshake.createSession(ProtocolHandshake.java:140) ~[selenium-remote-driver-4.13.0.jar:?]
	at jdk.internal.reflect.DirectMethodHandleAccessor.invoke(DirectMethodHandleAccessor.java:104) ~[?:?]
	at java.lang.reflect.Method.invoke(Method.java:565) ~[?:?]
	at io.appium.java_client.remote.AppiumProtocolHandshake.createSession(AppiumProtocolHandshake.java:133) ~[java-client-8.6.0.jar:?]
	at io.appium.java_client.remote.AppiumProtocolHandshake.createSession(AppiumProtocolHandshake.java:102) ~[java-client-8.6.0.jar:?]
	at io.appium.java_client.remote.AppiumCommandExecutor.createSession(AppiumCommandExecutor.java:182) ~[java-client-8.6.0.jar:?]
	at io.appium.java_client.remote.AppiumCommandExecutor.execute(AppiumCommandExecutor.java:250) ~[java-client-8.6.0.jar:?]
	at org.openqa.selenium.remote.RemoteWebDriver.execute(RemoteWebDriver.java:602) ~[selenium-remote-driver-4.13.0.jar:?]
	at io.appium.java_client.AppiumDriver.startSession(AppiumDriver.java:274) ~[java-client-8.6.0.jar:?]
	at org.openqa.selenium.remote.RemoteWebDriver.<init>(RemoteWebDriver.java:163) ~[selenium-remote-driver-4.13.0.jar:?]
	at io.appium.java_client.AppiumDriver.<init>(AppiumDriver.java:89) ~[java-client-8.6.0.jar:?]
	at io.appium.java_client.AppiumDriver.<init>(AppiumDriver.java:101) ~[java-client-8.6.0.jar:?]
	at io.appium.java_client.android.AndroidDriver.<init>(AndroidDriver.java:113) ~[java-client-8.6.0.jar:?]
	at com.tui.driver.DriverFactory.initializeDriver(DriverFactory.java:79) [test-classes/:?]
	at com.tui.stepdefinitions.Hooks.setUp(Hooks.java:17) [test-classes/:?]
	at jdk.internal.reflect.DirectMethodHandleAccessor.invoke(DirectMethodHandleAccessor.java:104) ~[?:?]
	at java.lang.reflect.Method.invoke(Method.java:565) ~[?:?]
	at io.cucumber.java.Invoker.doInvoke(Invoker.java:66) [cucumber-java-7.14.0.jar:7.14.0]
	at io.cucumber.java.Invoker.invoke(Invoker.java:24) [cucumber-java-7.14.0.jar:7.14.0]
	at io.cucumber.java.AbstractGlueDefinition.invokeMethod(AbstractGlueDefinition.java:47) [cucumber-java-7.14.0.jar:7.14.0]
	at io.cucumber.java.JavaHookDefinition.execute(JavaHookDefinition.java:64) [cucumber-java-7.14.0.jar:7.14.0]
	at io.cucumber.core.runner.CoreHookDefinition.execute(CoreHookDefinition.java:46) [cucumber-core-7.14.0.jar:7.14.0]
	at io.cucumber.core.runner.HookDefinitionMatch.runStep(HookDefinitionMatch.java:21) [cucumber-core-7.14.0.jar:7.14.0]
	at io.cucumber.core.runner.ExecutionMode$1.execute(ExecutionMode.java:10) [cucumber-core-7.14.0.jar:7.14.0]
	at io.cucumber.core.runner.TestStep.executeStep(TestStep.java:84) [cucumber-core-7.14.0.jar:7.14.0]
	at io.cucumber.core.runner.TestStep.run(TestStep.java:56) [cucumber-core-7.14.0.jar:7.14.0]
	at io.cucumber.core.runner.TestCase.run(TestCase.java:78) [cucumber-core-7.14.0.jar:7.14.0]
	at io.cucumber.core.runner.Runner.runPickle(Runner.java:75) [cucumber-core-7.14.0.jar:7.14.0]
	at io.cucumber.testng.TestNGCucumberRunner.lambda$runScenario$1(TestNGCucumberRunner.java:132) [cucumber-testng-7.14.0.jar:7.14.0]
	at io.cucumber.core.runtime.CucumberExecutionContext.lambda$runTestCase$5(CucumberExecutionContext.java:137) [cucumber-core-7.14.0.jar:7.14.0]
	at io.cucumber.core.runtime.RethrowingThrowableCollector.executeAndThrow(RethrowingThrowableCollector.java:23) [cucumber-core-7.14.0.jar:7.14.0]
	at io.cucumber.core.runtime.CucumberExecutionContext.runTestCase(CucumberExecutionContext.java:137) [cucumber-core-7.14.0.jar:7.14.0]
	at io.cucumber.testng.TestNGCucumberRunner.runScenario(TestNGCucumberRunner.java:129) [cucumber-testng-7.14.0.jar:7.14.0]
	at io.cucumber.testng.AbstractTestNGCucumberTests.runScenario(AbstractTestNGCucumberTests.java:35) [cucumber-testng-7.14.0.jar:7.14.0]
	at jdk.internal.reflect.DirectMethodHandleAccessor.invoke(DirectMethodHandleAccessor.java:104) ~[?:?]
	at java.lang.reflect.Method.invoke(Method.java:565) ~[?:?]
	at org.testng.internal.invokers.MethodInvocationHelper.invokeMethod(MethodInvocationHelper.java:139) [testng-7.8.0.jar:7.8.0]
	at org.testng.internal.invokers.TestInvoker.invokeMethod(TestInvoker.java:664) [testng-7.8.0.jar:7.8.0]
	at org.testng.internal.invokers.TestInvoker.invokeTestMethod(TestInvoker.java:227) [testng-7.8.0.jar:7.8.0]
	at org.testng.internal.invokers.MethodRunner.runInSequence(MethodRunner.java:50) [testng-7.8.0.jar:7.8.0]
	at org.testng.internal.invokers.TestInvoker$MethodInvocationAgent.invoke(TestInvoker.java:957) [testng-7.8.0.jar:7.8.0]
	at org.testng.internal.invokers.TestInvoker.invokeTestMethods(TestInvoker.java:200) [testng-7.8.0.jar:7.8.0]
	at org.testng.internal.invokers.TestMethodWorker.invokeTestMethods(TestMethodWorker.java:148) [testng-7.8.0.jar:7.8.0]
	at org.testng.internal.invokers.TestMethodWorker.run(TestMethodWorker.java:128) [testng-7.8.0.jar:7.8.0]
	at java.util.concurrent.ThreadPoolExecutor.runWorker(ThreadPoolExecutor.java:1090) [?:?]
	at java.util.concurrent.ThreadPoolExecutor$Worker.run(ThreadPoolExecutor.java:614) [?:?]
	at java.lang.Thread.run(Thread.java:1474) [?:?]
2026-05-14 17:03:39.692 [TestNG-test=TUI Tests-1] INFO  com.tui.stepdefinitions.Hooks - Quitting driver
